Log file open, 01/09/22 00:29:00
LogWindows: Failed to load 'aqProf.dll' (GetLastError=126)
LogWindows: File 'aqProf.dll' does not exist
LogWindows: Failed to load 'VtuneApi.dll' (GetLastError=126)
LogWindows: File 'VtuneApi.dll' does not exist
LogWindows: Failed to load 'VtuneApi32e.dll' (GetLastError=126)
LogWindows: File 'VtuneApi32e.dll' does not exist
LogConsoleResponse: Display: Failed to find resolution value strings in scalability ini. Falling back to default.
LogConsoleResponse: Display: Failed to find resolution value strings in scalability ini. Falling back to default.
LogInit: Display: Running engine for game: FPS
LogPlatformFile: Not using cached read wrapper
LogTaskGraph: Started task graph with 5 named threads and 71 total threads with 3 sets of task threads.
LogStats: Stats thread started at 0.241007
LogICUInternationalization: ICU TimeZone Detection - Raw Offset: -5:00, Platform Override: ''
LogInit: Display: Loading text-based GConfig....
LogPluginManager: Mounting plugin MeshPainting
LogPluginManager: Mounting plugin XGEController
LogPluginManager: Mounting plugin AISupport
LogPluginManager: Mounting plugin EnvironmentQueryEditor
LogPluginManager: Mounting plugin Paper2D
LogPluginManager: Mounting plugin LightPropagationVolume
LogPluginManager: Mounting plugin CameraShakePreviewer
LogPluginManager: Mounting plugin GameplayCameras
LogPluginManager: Mounting plugin OodleData
LogPluginManager: Mounting plugin LiveLink
LogPluginManager: Mounting plugin AutomationUtils
LogPluginManager: Mounting plugin BackChannel
LogPluginManager: Mounting plugin AlembicImporter
LogPluginManager: Mounting plugin ChaosCloth
LogPluginManager: Mounting plugin ChaosEditor
LogPluginManager: Mounting plugin AnimationSharing
LogPluginManager: Mounting plugin ChaosNiagara
LogPluginManager: Mounting plugin CLionSourceCodeAccess
LogPluginManager: Mounting plugin CharacterAI
LogPluginManager: Mounting plugin ChaosSolverPlugin
LogPluginManager: Mounting plugin ChaosClothEditor
LogPluginManager: Mounting plugin DatasmithContent
LogPluginManager: Mounting plugin VariantManagerContent
LogPluginManager: Mounting plugin CodeLiteSourceCodeAccess
LogPluginManager: Mounting plugin GeometryCache
LogPluginManager: Mounting plugin KDevelopSourceCodeAccess
LogPluginManager: Mounting plugin PlasticSourceControl
LogPluginManager: Mounting plugin GitSourceControl
LogPluginManager: Mounting plugin GeometryCollectionPlugin
LogPluginManager: Mounting plugin NullSourceCodeAccess
LogPluginManager: Mounting plugin RiderSourceCodeAccess
LogPluginManager: Mounting plugin SubversionSourceControl
LogPluginManager: Mounting plugin PropertyAccessNode
LogPluginManager: Mounting plugin PerforceSourceControl
LogPluginManager: Mounting plugin PixWinPlugin
LogPluginManager: Mounting plugin PluginUtils
LogPluginManager: Mounting plugin GeometryProcessing
LogPluginManager: Mounting plugin UObjectPlugin
LogPluginManager: Mounting plugin VisualStudioCodeSourceCodeAccess
LogPluginManager: Mounting plugin TextureFormatOodle
LogPluginManager: Mounting plugin VisualStudioSourceCodeAccess
LogPluginManager: Mounting plugin XCodeSourceCodeAccess
LogPluginManager: Mounting plugin OpenImageDenoise
LogPluginManager: Mounting plugin MotoSynth
LogPluginManager: Mounting plugin PlanarCut
LogPluginManager: Mounting plugin PythonScriptPlugin
LogPluginManager: Mounting plugin PlatformCrypto
LogPluginManager: Mounting plugin SkeletalReduction
LogPluginManager: Mounting plugin ProxyLODPlugin
LogPluginManager: Mounting plugin LuminPlatformFeatures
LogPluginManager: Mounting plugin MagicLeap
LogPluginManager: Mounting plugin AndroidMedia
LogPluginManager: Mounting plugin AvfMedia
LogPluginManager: Mounting plugin AssetManagerEditor
LogPluginManager: Mounting plugin Niagara
LogPluginManager: Mounting plugin MagicLeapLightEstimation
LogPluginManager: Mounting plugin MagicLeapMedia
LogPluginManager: Mounting plugin ImgMedia
LogPluginManager: Mounting plugin MagicLeapPassableWorld
LogPluginManager: Mounting plugin MediaCompositing
LogPluginManager: Mounting plugin CurveEditorTools
LogPluginManager: Mounting plugin DataValidation
LogPluginManager: Mounting plugin CryptoKeys
LogPluginManager: Mounting plugin MLSDK
LogPluginManager: Mounting plugin MediaPlayerEditor
LogPluginManager: Mounting plugin WebMMedia
LogPluginManager: Mounting plugin FacialAnimation
LogPluginManager: Mounting plugin GameplayTagsEditor
LogPluginManager: Mounting plugin GeometryMode
LogPluginManager: Mounting plugin MacGraphicsSwitching
LogPluginManager: Mounting plugin WmfMedia
LogPluginManager: Mounting plugin MaterialAnalyzer
LogPluginManager: Mounting plugin MobileLauncherProfileWizard
LogPluginManager: Mounting plugin ActorSequence
LogPluginManager: Mounting plugin SpeedTreeImporter
LogPluginManager: Mounting plugin PluginBrowser
LogPluginManager: Mounting plugin MatineeToLevelSequence
LogPluginManager: Mounting plugin LevelSequenceEditor
LogPluginManager: Mounting plugin TemplateSequence
LogPluginManager: Mounting plugin TcpMessaging
LogPluginManager: Mounting plugin LauncherChunkInstaller
LogPluginManager: Mounting plugin UdpMessaging
LogPluginManager: Mounting plugin OnlineSubsystemNull
LogPluginManager: Mounting plugin OnlineSubsystem
LogPluginManager: Mounting plugin OnlineSubsystemUtils
LogPluginManager: Mounting plugin ActorLayerUtilities
LogPluginManager: Mounting plugin AndroidMoviePlayer
LogPluginManager: Mounting plugin AndroidDeviceProfileSelector
LogPluginManager: Mounting plugin AndroidPermission
LogPluginManager: Mounting plugin AppleImageUtils
LogPluginManager: Mounting plugin AppleMoviePlayer
LogPluginManager: Mounting plugin AssetTags
LogPluginManager: Mounting plugin ArchVisCharacter
LogPluginManager: Mounting plugin AudioSynesthesia
LogPluginManager: Mounting plugin AudioCapture
LogPluginManager: Mounting plugin ChunkDownloader
LogPluginManager: Mounting plugin CableComponent
LogPluginManager: Mounting plugin CustomMeshComponent
LogPluginManager: Mounting plugin EditableMesh
LogPluginManager: Mounting plugin ExampleDeviceProfileSelector
LogPluginManager: Mounting plugin GoogleCloudMessaging
LogPluginManager: Mounting plugin GooglePAD
LogPluginManager: Mounting plugin LinuxDeviceProfileSelector
LogPluginManager: Mounting plugin IOSDeviceProfileSelector
LogPluginManager: Mounting plugin LocationServicesBPLibrary
LogPluginManager: Mounting plugin ScreenshotTools
LogPluginManager: Mounting plugin MobilePatchingUtils
LogPluginManager: Mounting plugin OpenXR
LogPluginManager: Mounting plugin OpenXRHandTracking
LogPluginManager: Mounting plugin Takes
LogPluginManager: Mounting plugin OpenXREyeTracker
LogPluginManager: Mounting plugin ProceduralMeshComponent
LogPluginManager: Mounting plugin PostSplashScreen
LogPluginManager: Mounting plugin PropertyAccessEditor
LogPluginManager: Mounting plugin PhysXVehicles
LogPluginManager: Mounting plugin RuntimePhysXCooking
LogPluginManager: Mounting plugin SoundFields
LogPluginManager: Mounting plugin SignificanceManager
LogPluginManager: Mounting plugin Synthesis
LogPluginManager: Mounting plugin OodleNetwork
LogPluginManager: Mounting plugin WindowsMoviePlayer
LogPluginManager: Mounting plugin WebMMoviePlayer
LogPluginManager: Mounting plugin ContentBrowserAssetDataSource
LogPluginManager: Mounting plugin ContentBrowserFileDataSource
LogPluginManager: Mounting plugin ContentBrowserClassDataSource
LogPluginManager: Mounting plugin OnlineSubsystemGooglePlay
LogPluginManager: Mounting plugin OnlineSubsystemIOS
LogPluginManager: Mounting plugin OculusVR
LogPluginManager: Mounting plugin SteamVR
PixWinPlugin: PIX capture plugin failed to initialize! Check that the process is launched from PIX.
LogInit: Using libcurl 7.55.1-DEV
LogInit:  - built for x86_64-pc-win32
LogInit:  - supports SSL with OpenSSL/1.1.1
LogInit:  - supports HTTP deflate (compression) using libz 1.2.8
LogInit:  - other features:
LogInit:      CURL_VERSION_SSL
LogInit:      CURL_VERSION_LIBZ
LogInit:      CURL_VERSION_IPV6
LogInit:      CURL_VERSION_ASYNCHDNS
LogInit:      CURL_VERSION_LARGEFILE
LogInit:      CURL_VERSION_IDN
LogInit:  CurlRequestOptions (configurable via config and command line):
LogInit:  - bVerifyPeer = true  - Libcurl will verify peer certificate
LogInit:  - bUseHttpProxy = false  - Libcurl will NOT use HTTP proxy
LogInit:  - bDontReuseConnections = false  - Libcurl will reuse connections
LogInit:  - MaxHostConnections = 16  - Libcurl will limit the number of connections to a host
LogInit:  - LocalHostAddr = Default
LogInit:  - BufferSize = 65536
LogOnline: OSS: Creating online subsystem instance for: NULL
LogInit: WinSock: version 1.1 (2.2), MaxSocks=32767, MaxUdp=65467
LogOnline: OSS: TryLoadSubsystemAndSetDefault: Loaded subsystem for module [NULL]
LogOculusPluginWrapper: OculusPlugin initialized successfully
LogHMD: Failed initializing OVRPlugin 1.59.0
LogInit: Build: ++UE4+Release-4.27-CL-17735300
LogInit: Engine Version: 4.27.1-17735300+++UE4+Release-4.27
LogInit: Compatible Engine Version: 4.27.0-17155196+++UE4+Release-4.27
LogInit: Net CL: 17155196
LogInit: OS: Windows 10 (Release 2009) (), CPU: AMD Ryzen 9 3900X 12-Core Processor            , GPU: NVIDIA GeForce GTX 1050 Ti
LogInit: Compiled (64-bit): Oct  6 2021 14:42:51
LogInit: Compiled with Visual C++: 19.24.28315.00
LogInit: Build Configuration: Development
LogInit: Branch Name: ++UE4+Release-4.27
LogInit: Command Line: 
LogInit: Base Directory: D:/Unreal Engine/Engine Versions/UE_4.27/Engine/Binaries/Win64/
LogInit: Allocator: TBB
LogInit: Installed Engine Build: 1
LogDevObjectVersion: Number of dev versions registered: 29
LogDevObjectVersion:   Dev-Blueprints (B0D832E4-1F89-4F0D-ACCF-7EB736FD4AA2): 10
LogDevObjectVersion:   Dev-Build (E1C64328-A22C-4D53-A36C-8E866417BD8C): 0
LogDevObjectVersion:   Dev-Core (375EC13C-06E4-48FB-B500-84F0262A717E): 4
LogDevObjectVersion:   Dev-Editor (E4B068ED-F494-42E9-A231-DA0B2E46BB41): 40
LogDevObjectVersion:   Dev-Framework (CFFC743F-43B0-4480-9391-14DF171D2073): 37
LogDevObjectVersion:   Dev-Mobile (B02B49B5-BB20-44E9-A304-32B752E40360): 3
LogDevObjectVersion:   Dev-Networking (A4E4105C-59A1-49B5-A7C5-40C4547EDFEE): 0
LogDevObjectVersion:   Dev-Online (39C831C9-5AE6-47DC-9A44-9C173E1C8E7C): 0
LogDevObjectVersion:   Dev-Physics (78F01B33-EBEA-4F98-B9B4-84EACCB95AA2): 14
LogDevObjectVersion:   Dev-Platform (6631380F-2D4D-43E0-8009-CF276956A95A): 0
LogDevObjectVersion:   Dev-Rendering (12F88B9F-8875-4AFC-A67C-D90C383ABD29): 45
LogDevObjectVersion:   Dev-Sequencer (7B5AE74C-D270-4C10-A958-57980B212A5A): 13
LogDevObjectVersion:   Dev-VR (D7296918-1DD6-4BDD-9DE2-64A83CC13884): 3
LogDevObjectVersion:   Dev-LoadTimes (C2A15278-BFE7-4AFE-6C17-90FF531DF755): 1
LogDevObjectVersion:   Private-Geometry (6EACA3D4-40EC-4CC1-B786-8BED09428FC5): 3
LogDevObjectVersion:   Dev-AnimPhys (29E575DD-E0A3-4627-9D10-D276232CDCEA): 17
LogDevObjectVersion:   Dev-Anim (AF43A65D-7FD3-4947-9873-3E8ED9C1BB05): 15
LogDevObjectVersion:   Dev-ReflectionCapture (6B266CEC-1EC7-4B8F-A30B-E4D90942FC07): 1
LogDevObjectVersion:   Dev-Automation (0DF73D61-A23F-47EA-B727-89E90C41499A): 1
LogDevObjectVersion:   FortniteMain (601D1886-AC64-4F84-AA16-D3DE0DEAC7D6): 47
LogDevObjectVersion:   FortniteRelease (E7086368-6B23-4C58-8439-1B7016265E91): 1
LogDevObjectVersion:   Dev-Enterprise (9DFFBCD6-494F-0158-E221-12823C92A888): 10
LogDevObjectVersion:   Dev-Niagara (F2AED0AC-9AFE-416F-8664-AA7FFA26D6FC): 1
LogDevObjectVersion:   Dev-Destruction (174F1F0B-B4C6-45A5-B13F-2EE8D0FB917D): 10
LogDevObjectVersion:   Dev-Physics-Ext (35F94A83-E258-406C-A318-09F59610247C): 41
LogDevObjectVersion:   Dev-PhysicsMaterial-Chaos (B68FC16E-8B1B-42E2-B453-215C058844FE): 1
LogDevObjectVersion:   Dev-CineCamera (B2E18506-4273-CFC2-A54E-F4BB758BBA07): 1
LogDevObjectVersion:   Dev-VirtualProduction (64F58936-FD1B-42BA-BA96-7289D5D0FA4E): 1
LogDevObjectVersion:   Dev-MediaFramework (6F0ED827-A609-4895-9C91-998D90180EA4): 2
LogInit: Presizing for max 25165824 objects, including 0 objects not considered by GC, pre-allocating 0 bytes for permanent pool.
LogConfig: Applying CVar settings from Section [/Script/Engine.StreamingSettings] File [E:/GitHubProjects/MonsterShooter/FPS Backup - Copy/Saved/Config/Windows/Engine.ini]
LogConfig: Setting CVar [[s.MinBulkDataSizeForAsyncLoading:131072]]
LogConfig: Setting CVar [[s.AsyncLoadingThreadEnabled:1]]
LogConfig: Setting CVar [[s.EventDrivenLoaderEnabled:1]]
LogConfig: Setting CVar [[s.WarnIfTimeLimitExceeded:0]]
LogConfig: Setting CVar [[s.TimeLimitExceededMultiplier:1.5]]
LogConfig: Setting CVar [[s.TimeLimitExceededMinTime:0.005]]
LogConfig: Setting CVar [[s.UseBackgroundLevelStreaming:0]]
LogConfig: Setting CVar [[s.PriorityAsyncLoadingExtraTime:15.0]]
LogConfig: Setting CVar [[s.LevelStreamingActorsUpdateTimeLimit:5.0]]
LogConfig: Setting CVar [[s.PriorityLevelStreamingActorsUpdateExtraTime:5.0]]
LogConfig: Setting CVar [[s.LevelStreamingComponentsRegistrationGranularity:10]]
LogConfig: Setting CVar [[s.UnregisterComponentsTimeLimit:1.0]]
LogConfig: Setting CVar [[s.LevelStreamingComponentsUnregistrationGranularity:5]]
LogConfig: Setting CVar [[s.FlushStreamingOnExit:1]]
LogInit: Object subsystem initialized
LogConfig: Setting CVar [[con.DebugEarlyDefault:1]]
LogConfig: Setting CVar [[r.setres:1280x720]]
[2022.01.09-05.29.00:727][  0]LogConfig: Setting CVar [[r.VSync:0]]
[2022.01.09-05.29.00:727][  0]LogConfig: Setting CVar [[r.RHICmdBypass:0]]
[2022.01.09-05.29.00:727][  0]LogConfig: Applying CVar settings from Section [/Script/Engine.RendererSettings] File [E:/GitHubProjects/MonsterShooter/FPS Backup - Copy/Saved/Config/Windows/Engine.ini]
[2022.01.09-05.29.00:727][  0]LogConfig: Setting CVar [[r.GPUCrashDebugging:0]]
[2022.01.09-05.29.00:727][  0]LogConfig: Setting CVar [[r.DefaultFeature.MotionBlur:0]]
[2022.01.09-05.29.00:727][  0]LogConfig: Applying CVar settings from Section [/Script/Engine.RendererOverrideSettings] File [E:/GitHubProjects/MonsterShooter/FPS Backup - Copy/Saved/Config/Windows/Engine.ini]
[2022.01.09-05.29.00:727][  0]LogConfig: Applying CVar settings from Section [/Script/Engine.StreamingSettings] File [E:/GitHubProjects/MonsterShooter/FPS Backup - Copy/Saved/Config/Windows/Engine.ini]
[2022.01.09-05.29.00:727][  0]LogConfig: Setting CVar [[s.MinBulkDataSizeForAsyncLoading:131072]]
[2022.01.09-05.29.00:727][  0]LogConfig: Setting CVar [[s.AsyncLoadingThreadEnabled:1]]
[2022.01.09-05.29.00:727][  0]LogConfig: Setting CVar [[s.EventDrivenLoaderEnabled:1]]
[2022.01.09-05.29.00:727][  0]LogConfig: Setting CVar [[s.WarnIfTimeLimitExceeded:0]]
[2022.01.09-05.29.00:727][  0]LogConfig: Setting CVar [[s.TimeLimitExceededMultiplier:1.5]]
[2022.01.09-05.29.00:727][  0]LogConfig: Setting CVar [[s.TimeLimitExceededMinTime:0.005]]
[2022.01.09-05.29.00:727][  0]LogConfig: Setting CVar [[s.UseBackgroundLevelStreaming:0]]
[2022.01.09-05.29.00:727][  0]LogConfig: Setting CVar [[s.PriorityAsyncLoadingExtraTime:15.0]]
[2022.01.09-05.29.00:727][  0]LogConfig: Setting CVar [[s.LevelStreamingActorsUpdateTimeLimit:5.0]]
[2022.01.09-05.29.00:727][  0]LogConfig: Setting CVar [[s.PriorityLevelStreamingActorsUpdateExtraTime:5.0]]
[2022.01.09-05.29.00:727][  0]LogConfig: Setting CVar [[s.LevelStreamingComponentsRegistrationGranularity:10]]
[2022.01.09-05.29.00:727][  0]LogConfig: Setting CVar [[s.UnregisterComponentsTimeLimit:1.0]]
[2022.01.09-05.29.00:727][  0]LogConfig: Setting CVar [[s.LevelStreamingComponentsUnregistrationGranularity:5]]
[2022.01.09-05.29.00:727][  0]LogConfig: Setting CVar [[s.FlushStreamingOnExit:1]]
[2022.01.09-05.29.00:727][  0]LogConfig: Applying CVar settings from Section [/Script/Engine.GarbageCollectionSettings] File [E:/GitHubProjects/MonsterShooter/FPS Backup - Copy/Saved/Config/Windows/Engine.ini]
[2022.01.09-05.29.00:727][  0]LogConfig: Setting CVar [[gc.MaxObjectsNotConsideredByGC:1]]
[2022.01.09-05.29.00:727][  0]LogConfig: Setting CVar [[gc.SizeOfPermanentObjectPool:0]]
[2022.01.09-05.29.00:727][  0]LogConfig: Setting CVar [[gc.FlushStreamingOnGC:0]]
[2022.01.09-05.29.00:727][  0]LogConfig: Setting CVar [[gc.NumRetriesBeforeForcingGC:10]]
[2022.01.09-05.29.00:727][  0]LogConfig: Setting CVar [[gc.AllowParallelGC:1]]
[2022.01.09-05.29.00:727][  0]LogConfig: Setting CVar [[gc.TimeBetweenPurgingPendingKillObjects:61.1]]
[2022.01.09-05.29.00:727][  0]LogConfig: Setting CVar [[gc.MaxObjectsInEditor:25165824]]
[2022.01.09-05.29.00:727][  0]LogConfig: Setting CVar [[gc.IncrementalBeginDestroyEnabled:1]]
[2022.01.09-05.29.00:727][  0]LogConfig: Setting CVar [[gc.CreateGCClusters:1]]
[2022.01.09-05.29.00:727][  0]LogConfig: Setting CVar [[gc.MinGCClusterSize:5]]
[2022.01.09-05.29.00:727][  0]LogConfig: Setting CVar [[gc.ActorClusteringEnabled:0]]
[2022.01.09-05.29.00:727][  0]LogConfig: Setting CVar [[gc.BlueprintClusteringEnabled:0]]
[2022.01.09-05.29.00:727][  0]LogConfig: Setting CVar [[gc.UseDisregardForGCOnDedicatedServers:0]]
[2022.01.09-05.29.00:727][  0]LogConfig: Setting CVar [[gc.MultithreadedDestructionEnabled:1]]
[2022.01.09-05.29.00:727][  0]LogConfig: Applying CVar settings from Section [/Script/Engine.NetworkSettings] File [E:/GitHubProjects/MonsterShooter/FPS Backup - Copy/Saved/Config/Windows/Engine.ini]
[2022.01.09-05.29.00:727][  0]LogConfig: Applying CVar settings from Section [/Script/UnrealEd.CookerSettings] File [E:/GitHubProjects/MonsterShooter/FPS Backup - Copy/Saved/Config/Windows/Engine.ini]
[2022.01.09-05.29.00:740][  0]LogConfig: Applying CVar settings from Section [ViewDistanceQuality@3] File [E:/GitHubProjects/MonsterShooter/FPS Backup - Copy/Saved/Config/Windows/Scalability.ini]
[2022.01.09-05.29.00:740][  0]LogConfig: Setting CVar [[r.SkeletalMeshLODBias:0]]
[2022.01.09-05.29.00:740][  0]LogConfig: Setting CVar [[r.ViewDistanceScale:1.0]]
[2022.01.09-05.29.00:740][  0]LogConfig: Applying CVar settings from Section [AntiAliasingQuality@3] File [E:/GitHubProjects/MonsterShooter/FPS Backup - Copy/Saved/Config/Windows/Scalability.ini]
[2022.01.09-05.29.00:740][  0]LogConfig: Setting CVar [[r.PostProcessAAQuality:4]]
[2022.01.09-05.29.00:740][  0]LogConfig: Applying CVar settings from Section [ShadowQuality@3] File [E:/GitHubProjects/MonsterShooter/FPS Backup - Copy/Saved/Config/Windows/Scalability.ini]
[2022.01.09-05.29.00:740][  0]LogConfig: Setting CVar [[r.LightFunctionQuality:1]]
[2022.01.09-05.29.00:740][  0]LogConfig: Setting CVar [[r.ShadowQuality:5]]
[2022.01.09-05.29.00:740][  0]LogConfig: Setting CVar [[r.Shadow.CSM.MaxCascades:10]]
[2022.01.09-05.29.00:740][  0]LogConfig: Setting CVar [[r.Shadow.MaxResolution:2048]]
[2022.01.09-05.29.00:740][  0]LogConfig: Setting CVar [[r.Shadow.MaxCSMResolution:2048]]
[2022.01.09-05.29.00:740][  0]LogConfig: Setting CVar [[r.Shadow.RadiusThreshold:0.01]]
[2022.01.09-05.29.00:740][  0]LogConfig: Setting CVar [[r.Shadow.DistanceScale:1.0]]
[2022.01.09-05.29.00:740][  0]LogConfig: Setting CVar [[r.Shadow.CSM.TransitionScale:1.0]]
[2022.01.09-05.29.00:740][  0]LogConfig: Setting CVar [[r.Shadow.PreShadowResolutionFactor:1.0]]
[2022.01.09-05.29.00:740][  0]LogConfig: Setting CVar [[r.DistanceFieldShadowing:1]]
[2022.01.09-05.29.00:740][  0]LogConfig: Setting CVar [[r.DistanceFieldAO:1]]
[2022.01.09-05.29.00:740][  0]LogConfig: Setting CVar [[r.AOQuality:2]]
[2022.01.09-05.29.00:740][  0]LogConfig: Setting CVar [[r.VolumetricFog:1]]
[2022.01.09-05.29.00:740][  0]LogConfig: Setting CVar [[r.VolumetricFog.GridPixelSize:8]]
[2022.01.09-05.29.00:740][  0]LogConfig: Setting CVar [[r.VolumetricFog.GridSizeZ:128]]
[2022.01.09-05.29.00:740][  0]LogConfig: Setting CVar [[r.VolumetricFog.HistoryMissSupersampleCount:4]]
[2022.01.09-05.29.00:740][  0]LogConfig: Setting CVar [[r.LightMaxDrawDistanceScale:1]]
[2022.01.09-05.29.00:740][  0]LogConfig: Setting CVar [[r.CapsuleShadows:1]]
[2022.01.09-05.29.00:740][  0]LogConfig: Applying CVar settings from Section [PostProcessQuality@3] File [E:/GitHubProjects/MonsterShooter/FPS Backup - Copy/Saved/Config/Windows/Scalability.ini]
[2022.01.09-05.29.00:741][  0]LogConfig: Setting CVar [[r.MotionBlurQuality:4]]
[2022.01.09-05.29.00:741][  0]LogConfig: Setting CVar [[r.AmbientOcclusionMipLevelFactor:0.4]]
[2022.01.09-05.29.00:741][  0]LogConfig: Setting CVar [[r.AmbientOcclusionMaxQuality:100]]
[2022.01.09-05.29.00:741][  0]LogConfig: Setting CVar [[r.AmbientOcclusionLevels:-1]]
[2022.01.09-05.29.00:741][  0]LogConfig: Setting CVar [[r.AmbientOcclusionRadiusScale:1.0]]
[2022.01.09-05.29.00:741][  0]LogConfig: Setting CVar [[r.DepthOfFieldQuality:2]]
[2022.01.09-05.29.00:741][  0]LogConfig: Setting CVar [[r.RenderTargetPoolMin:400]]
[2022.01.09-05.29.00:741][  0]LogConfig: Setting CVar [[r.LensFlareQuality:2]]
[2022.01.09-05.29.00:741][  0]LogConfig: Setting CVar [[r.SceneColorFringeQuality:1]]
[2022.01.09-05.29.00:741][  0]LogConfig: Setting CVar [[r.EyeAdaptationQuality:2]]
[2022.01.09-05.29.00:741][  0]LogConfig: Setting CVar [[r.BloomQuality:5]]
[2022.01.09-05.29.00:741][  0]LogConfig: Setting CVar [[r.FastBlurThreshold:100]]
[2022.01.09-05.29.00:741][  0]LogConfig: Setting CVar [[r.Upscale.Quality:3]]
[2022.01.09-05.29.00:741][  0]LogConfig: Setting CVar [[r.Tonemapper.GrainQuantization:1]]
[2022.01.09-05.29.00:741][  0]LogConfig: Setting CVar [[r.LightShaftQuality:1]]
[2022.01.09-05.29.00:741][  0]LogConfig: Setting CVar [[r.Filter.SizeScale:1]]
[2022.01.09-05.29.00:741][  0]LogConfig: Setting CVar [[r.Tonemapper.Quality:5]]
[2022.01.09-05.29.00:741][  0]LogConfig: Setting CVar [[r.DOF.Gather.AccumulatorQuality:1        ; higher gathering accumulator quality]]
[2022.01.09-05.29.00:741][  0]LogConfig: Setting CVar [[r.DOF.Gather.PostfilterMethod:1          ; Median3x3 postfilering method]]
[2022.01.09-05.29.00:741][  0]LogConfig: Setting CVar [[r.DOF.Gather.EnableBokehSettings:0       ; no bokeh simulation when gathering]]
[2022.01.09-05.29.00:741][  0]LogConfig: Setting CVar [[r.DOF.Gather.RingCount:4                 ; medium number of samples when gathering]]
[2022.01.09-05.29.00:741][  0]LogConfig: Setting CVar [[r.DOF.Scatter.ForegroundCompositing:1    ; additive foreground scattering]]
[2022.01.09-05.29.00:741][  0]LogConfig: Setting CVar [[r.DOF.Scatter.BackgroundCompositing:2    ; additive background scattering]]
[2022.01.09-05.29.00:741][  0]LogConfig: Setting CVar [[r.DOF.Scatter.EnableBokehSettings:1      ; bokeh simulation when scattering]]
[2022.01.09-05.29.00:741][  0]LogConfig: Setting CVar [[r.DOF.Scatter.MaxSpriteRatio:0.1         ; only a maximum of 10% of scattered bokeh]]
[2022.01.09-05.29.00:741][  0]LogConfig: Setting CVar [[r.DOF.Recombine.Quality:1                ; cheap slight out of focus]]
[2022.01.09-05.29.00:741][  0]LogConfig: Setting CVar [[r.DOF.Recombine.EnableBokehSettings:0    ; no bokeh simulation on slight out of focus]]
[2022.01.09-05.29.00:741][  0]LogConfig: Setting CVar [[r.DOF.TemporalAAQuality:1                ; more stable temporal accumulation]]
[2022.01.09-05.29.00:741][  0]LogConfig: Setting CVar [[r.DOF.Kernel.MaxForegroundRadius:0.025]]
[2022.01.09-05.29.00:741][  0]LogConfig: Setting CVar [[r.DOF.Kernel.MaxBackgroundRadius:0.025]]
[2022.01.09-05.29.00:741][  0]LogConfig: Applying CVar settings from Section [TextureQuality@3] File [E:/GitHubProjects/MonsterShooter/FPS Backup - Copy/Saved/Config/Windows/Scalability.ini]
[2022.01.09-05.29.00:741][  0]LogConfig: Setting CVar [[r.Streaming.MipBias:0]]
[2022.01.09-05.29.00:741][  0]LogConfig: Setting CVar [[r.Streaming.AmortizeCPUToGPUCopy:0]]
[2022.01.09-05.29.00:741][  0]LogConfig: Setting CVar [[r.Streaming.MaxNumTexturesToStreamPerFrame:0]]
[2022.01.09-05.29.00:741][  0]LogConfig: Setting CVar [[r.Streaming.Boost:1]]
[2022.01.09-05.29.00:741][  0]LogConfig: Setting CVar [[r.MaxAnisotropy:8]]
[2022.01.09-05.29.00:741][  0]LogConfig: Setting CVar [[r.VT.MaxAnisotropy:8]]
[2022.01.09-05.29.00:741][  0]LogConfig: Setting CVar [[r.Streaming.LimitPoolSizeToVRAM:0]]
[2022.01.09-05.29.00:741][  0]LogConfig: Setting CVar [[r.Streaming.PoolSize:1000]]
[2022.01.09-05.29.00:741][  0]LogConfig: Setting CVar [[r.Streaming.MaxEffectiveScreenSize:0]]
[2022.01.09-05.29.00:741][  0]LogConfig: Applying CVar settings from Section [EffectsQuality@3] File [E:/GitHubProjects/MonsterShooter/FPS Backup - Copy/Saved/Config/Windows/Scalability.ini]
[2022.01.09-05.29.00:741][  0]LogConfig: Setting CVar [[r.TranslucencyLightingVolumeDim:64]]
[2022.01.09-05.29.00:741][  0]LogConfig: Setting CVar [[r.RefractionQuality:2]]
[2022.01.09-05.29.00:741][  0]LogConfig: Setting CVar [[r.SSR.Quality:3]]
[2022.01.09-05.29.00:741][  0]LogConfig: Setting CVar [[r.SSR.HalfResSceneColor:0]]
[2022.01.09-05.29.00:741][  0]LogConfig: Setting CVar [[r.SceneColorFormat:4]]
[2022.01.09-05.29.00:741][  0]LogConfig: Setting CVar [[r.DetailMode:2]]
[2022.01.09-05.29.00:741][  0]LogConfig: Setting CVar [[r.TranslucencyVolumeBlur:1]]
[2022.01.09-05.29.00:741][  0]LogConfig: Setting CVar [[r.MaterialQualityLevel:1 ; High quality]]
[2022.01.09-05.29.00:741][  0]LogConfig: Setting CVar [[r.AnisotropicMaterials:1]]
[2022.01.09-05.29.00:741][  0]LogConfig: Setting CVar [[r.SSS.Scale:1]]
[2022.01.09-05.29.00:741][  0]LogConfig: Setting CVar [[r.SSS.SampleSet:2]]
[2022.01.09-05.29.00:741][  0]LogConfig: Setting CVar [[r.SSS.Quality:1]]
[2022.01.09-05.29.00:741][  0]LogConfig: Setting CVar [[r.SSS.HalfRes:0]]
[2022.01.09-05.29.00:741][  0]LogConfig: Setting CVar [[r.SSGI.Quality:3]]
[2022.01.09-05.29.00:741][  0]LogConfig: Setting CVar [[r.EmitterSpawnRateScale:1.0]]
[2022.01.09-05.29.00:741][  0]LogConfig: Setting CVar [[r.ParticleLightQuality:2]]
[2022.01.09-05.29.00:741][  0]LogConfig: Setting CVar [[r.SkyAtmosphere.AerialPerspectiveLUT.FastApplyOnOpaque:1 ; Always have FastSkyLUT 1 in this case to avoid wrong sky]]
[2022.01.09-05.29.00:741][  0]LogConfig: Setting CVar [[r.SkyAtmosphere.AerialPerspectiveLUT.SampleCountMaxPerSlice:4]]
[2022.01.09-05.29.00:741][  0]LogConfig: Setting CVar [[r.SkyAtmosphere.AerialPerspectiveLUT.DepthResolution:16.0]]
[2022.01.09-05.29.00:741][  0]LogConfig: Setting CVar [[r.SkyAtmosphere.FastSkyLUT:1]]
[2022.01.09-05.29.00:741][  0]LogConfig: Setting CVar [[r.SkyAtmosphere.FastSkyLUT.SampleCountMin:4.0]]
[2022.01.09-05.29.00:741][  0]LogConfig: Setting CVar [[r.SkyAtmosphere.FastSkyLUT.SampleCountMax:128.0]]
[2022.01.09-05.29.00:741][  0]LogConfig: Setting CVar [[r.SkyAtmosphere.SampleCountMin:4.0]]
[2022.01.09-05.29.00:741][  0]LogConfig: Setting CVar [[r.SkyAtmosphere.SampleCountMax:128.0]]
[2022.01.09-05.29.00:741][  0]LogConfig: Setting CVar [[r.SkyAtmosphere.TransmittanceLUT.UseSmallFormat:0]]
[2022.01.09-05.29.00:741][  0]LogConfig: Setting CVar [[r.SkyAtmosphere.TransmittanceLUT.SampleCount:10.0]]
[2022.01.09-05.29.00:741][  0]LogConfig: Setting CVar [[r.SkyAtmosphere.MultiScatteringLUT.SampleCount:15.0]]
[2022.01.09-05.29.00:741][  0]LogConfig: Setting CVar [[r.SkyLight.RealTimeReflectionCapture:1]]
[2022.01.09-05.29.00:741][  0]LogConfig: Applying CVar settings from Section [FoliageQuality@3] File [E:/GitHubProjects/MonsterShooter/FPS Backup - Copy/Saved/Config/Windows/Scalability.ini]
[2022.01.09-05.29.00:741][  0]LogConfig: Setting CVar [[foliage.DensityScale:1.0]]
[2022.01.09-05.29.00:741][  0]LogConfig: Setting CVar [[grass.DensityScale:1.0]]
[2022.01.09-05.29.00:741][  0]LogConfig: Applying CVar settings from Section [ShadingQuality@3] File [E:/GitHubProjects/MonsterShooter/FPS Backup - Copy/Saved/Config/Windows/Scalability.ini]
[2022.01.09-05.29.00:741][  0]LogConfig: Setting CVar [[r.HairStrands.SkyLighting.IntegrationType:2]]
[2022.01.09-05.29.00:741][  0]LogConfig: Setting CVar [[r.HairStrands.SkyAO.SampleCount:4]]
[2022.01.09-05.29.00:741][  0]LogConfig: Setting CVar [[r.HairStrands.Visibility.MSAA.SamplePerPixel:4]]
[2022.01.09-05.29.00:741][  0]LogInit: Selected Device Profile: [Windows]
[2022.01.09-05.29.00:741][  0]LogInit: Applying CVar settings loaded from the selected device profile: [Windows]
[2022.01.09-05.29.00:741][  0]LogHAL: Display: Platform has ~ 32 GB [34267201536 / 34359738368 / 32], which maps to Largest [LargestMinGB=32, LargerMinGB=12, DefaultMinGB=8, SmallerMinGB=6, SmallestMinGB=0)
[2022.01.09-05.29.00:741][  0]LogInit: Going up to parent DeviceProfile []
[2022.01.09-05.29.00:741][  0]LogConfig: Applying CVar settings from Section [ViewDistanceQuality@3] File [E:/GitHubProjects/MonsterShooter/FPS Backup - Copy/Saved/Config/Windows/Scalability.ini]
[2022.01.09-05.29.00:741][  0]LogConfig: Setting CVar [[r.SkeletalMeshLODBias:0]]
[2022.01.09-05.29.00:741][  0]LogConfig: Setting CVar [[r.ViewDistanceScale:1.0]]
[2022.01.09-05.29.00:741][  0]LogConfig: Applying CVar settings from Section [AntiAliasingQuality@3] File [E:/GitHubProjects/MonsterShooter/FPS Backup - Copy/Saved/Config/Windows/Scalability.ini]
[2022.01.09-05.29.00:741][  0]LogConfig: Setting CVar [[r.PostProcessAAQuality:4]]
[2022.01.09-05.29.00:741][  0]LogConfig: Applying CVar settings from Section [ShadowQuality@3] File [E:/GitHubProjects/MonsterShooter/FPS Backup - Copy/Saved/Config/Windows/Scalability.ini]
[2022.01.09-05.29.00:742][  0]LogConfig: Setting CVar [[r.LightFunctionQuality:1]]
[2022.01.09-05.29.00:742][  0]LogConfig: Setting CVar [[r.ShadowQuality:5]]
[2022.01.09-05.29.00:742][  0]LogConfig: Setting CVar [[r.Shadow.CSM.MaxCascades:10]]
[2022.01.09-05.29.00:742][  0]LogConfig: Setting CVar [[r.Shadow.MaxResolution:2048]]
[2022.01.09-05.29.00:742][  0]LogConfig: Setting CVar [[r.Shadow.MaxCSMResolution:2048]]
[2022.01.09-05.29.00:742][  0]LogConfig: Setting CVar [[r.Shadow.RadiusThreshold:0.01]]
[2022.01.09-05.29.00:742][  0]LogConfig: Setting CVar [[r.Shadow.DistanceScale:1.0]]
[2022.01.09-05.29.00:742][  0]LogConfig: Setting CVar [[r.Shadow.CSM.TransitionScale:1.0]]
[2022.01.09-05.29.00:742][  0]LogConfig: Setting CVar [[r.Shadow.PreShadowResolutionFactor:1.0]]
[2022.01.09-05.29.00:742][  0]LogConfig: Setting CVar [[r.DistanceFieldShadowing:1]]
[2022.01.09-05.29.00:742][  0]LogConfig: Setting CVar [[r.DistanceFieldAO:1]]
[2022.01.09-05.29.00:742][  0]LogConfig: Setting CVar [[r.AOQuality:2]]
[2022.01.09-05.29.00:742][  0]LogConfig: Setting CVar [[r.VolumetricFog:1]]
[2022.01.09-05.29.00:742][  0]LogConfig: Setting CVar [[r.VolumetricFog.GridPixelSize:8]]
[2022.01.09-05.29.00:742][  0]LogConfig: Setting CVar [[r.VolumetricFog.GridSizeZ:128]]
[2022.01.09-05.29.00:742][  0]LogConfig: Setting CVar [[r.VolumetricFog.HistoryMissSupersampleCount:4]]
[2022.01.09-05.29.00:742][  0]LogConfig: Setting CVar [[r.LightMaxDrawDistanceScale:1]]
[2022.01.09-05.29.00:742][  0]LogConfig: Setting CVar [[r.CapsuleShadows:1]]
[2022.01.09-05.29.00:742][  0]LogConfig: Applying CVar settings from Section [PostProcessQuality@3] File [E:/GitHubProjects/MonsterShooter/FPS Backup - Copy/Saved/Config/Windows/Scalability.ini]
[2022.01.09-05.29.00:742][  0]LogConfig: Setting CVar [[r.MotionBlurQuality:4]]
[2022.01.09-05.29.00:742][  0]LogConfig: Setting CVar [[r.AmbientOcclusionMipLevelFactor:0.4]]
[2022.01.09-05.29.00:742][  0]LogConfig: Setting CVar [[r.AmbientOcclusionMaxQuality:100]]
[2022.01.09-05.29.00:742][  0]LogConfig: Setting CVar [[r.AmbientOcclusionLevels:-1]]
[2022.01.09-05.29.00:742][  0]LogConfig: Setting CVar [[r.AmbientOcclusionRadiusScale:1.0]]
[2022.01.09-05.29.00:742][  0]LogConfig: Setting CVar [[r.DepthOfFieldQuality:2]]
[2022.01.09-05.29.00:742][  0]LogConfig: Setting CVar [[r.RenderTargetPoolMin:400]]
[2022.01.09-05.29.00:742][  0]LogConfig: Setting CVar [[r.LensFlareQuality:2]]
[2022.01.09-05.29.00:742][  0]LogConfig: Setting CVar [[r.SceneColorFringeQuality:1]]
[2022.01.09-05.29.00:742][  0]LogConfig: Setting CVar [[r.EyeAdaptationQuality:2]]
[2022.01.09-05.29.00:742][  0]LogConfig: Setting CVar [[r.BloomQuality:5]]
[2022.01.09-05.29.00:742][  0]LogConfig: Setting CVar [[r.FastBlurThreshold:100]]
[2022.01.09-05.29.00:742][  0]LogConfig: Setting CVar [[r.Upscale.Quality:3]]
[2022.01.09-05.29.00:742][  0]LogConfig: Setting CVar [[r.Tonemapper.GrainQuantization:1]]
[2022.01.09-05.29.00:742][  0]LogConfig: Setting CVar [[r.LightShaftQuality:1]]
[2022.01.09-05.29.00:742][  0]LogConfig: Setting CVar [[r.Filter.SizeScale:1]]
[2022.01.09-05.29.00:742][  0]LogConfig: Setting CVar [[r.Tonemapper.Quality:5]]
[2022.01.09-05.29.00:742][  0]LogConfig: Setting CVar [[r.DOF.Gather.AccumulatorQuality:1        ; higher gathering accumulator quality]]
[2022.01.09-05.29.00:742][  0]LogConfig: Setting CVar [[r.DOF.Gather.PostfilterMethod:1          ; Median3x3 postfilering method]]
[2022.01.09-05.29.00:742][  0]LogConfig: Setting CVar [[r.DOF.Gather.EnableBokehSettings:0       ; no bokeh simulation when gathering]]
[2022.01.09-05.29.00:742][  0]LogConfig: Setting CVar [[r.DOF.Gather.RingCount:4                 ; medium number of samples when gathering]]
[2022.01.09-05.29.00:742][  0]LogConfig: Setting CVar [[r.DOF.Scatter.ForegroundCompositing:1    ; additive foreground scattering]]
[2022.01.09-05.29.00:742][  0]LogConfig: Setting CVar [[r.DOF.Scatter.BackgroundCompositing:2    ; additive background scattering]]
[2022.01.09-05.29.00:742][  0]LogConfig: Setting CVar [[r.DOF.Scatter.EnableBokehSettings:1      ; bokeh simulation when scattering]]
[2022.01.09-05.29.00:742][  0]LogConfig: Setting CVar [[r.DOF.Scatter.MaxSpriteRatio:0.1         ; only a maximum of 10% of scattered bokeh]]
[2022.01.09-05.29.00:742][  0]LogConfig: Setting CVar [[r.DOF.Recombine.Quality:1                ; cheap slight out of focus]]
[2022.01.09-05.29.00:742][  0]LogConfig: Setting CVar [[r.DOF.Recombine.EnableBokehSettings:0    ; no bokeh simulation on slight out of focus]]
[2022.01.09-05.29.00:742][  0]LogConfig: Setting CVar [[r.DOF.TemporalAAQuality:1                ; more stable temporal accumulation]]
[2022.01.09-05.29.00:742][  0]LogConfig: Setting CVar [[r.DOF.Kernel.MaxForegroundRadius:0.025]]
[2022.01.09-05.29.00:742][  0]LogConfig: Setting CVar [[r.DOF.Kernel.MaxBackgroundRadius:0.025]]
[2022.01.09-05.29.00:742][  0]LogConfig: Applying CVar settings from Section [TextureQuality@3] File [E:/GitHubProjects/MonsterShooter/FPS Backup - Copy/Saved/Config/Windows/Scalability.ini]
[2022.01.09-05.29.00:742][  0]LogConfig: Setting CVar [[r.Streaming.MipBias:0]]
[2022.01.09-05.29.00:742][  0]LogConfig: Setting CVar [[r.Streaming.AmortizeCPUToGPUCopy:0]]
[2022.01.09-05.29.00:742][  0]LogConfig: Setting CVar [[r.Streaming.MaxNumTexturesToStreamPerFrame:0]]
[2022.01.09-05.29.00:742][  0]LogConfig: Setting CVar [[r.Streaming.Boost:1]]
[2022.01.09-05.29.00:742][  0]LogConfig: Setting CVar [[r.MaxAnisotropy:8]]
[2022.01.09-05.29.00:742][  0]LogConfig: Setting CVar [[r.VT.MaxAnisotropy:8]]
[2022.01.09-05.29.00:742][  0]LogConfig: Setting CVar [[r.Streaming.LimitPoolSizeToVRAM:0]]
[2022.01.09-05.29.00:742][  0]LogConfig: Setting CVar [[r.Streaming.PoolSize:1000]]
[2022.01.09-05.29.00:742][  0]LogConfig: Setting CVar [[r.Streaming.MaxEffectiveScreenSize:0]]
[2022.01.09-05.29.00:742][  0]LogConfig: Applying CVar settings from Section [EffectsQuality@3] File [E:/GitHubProjects/MonsterShooter/FPS Backup - Copy/Saved/Config/Windows/Scalability.ini]
[2022.01.09-05.29.00:742][  0]LogConfig: Setting CVar [[r.TranslucencyLightingVolumeDim:64]]
[2022.01.09-05.29.00:742][  0]LogConfig: Setting CVar [[r.RefractionQuality:2]]
[2022.01.09-05.29.00:742][  0]LogConfig: Setting CVar [[r.SSR.Quality:3]]
[2022.01.09-05.29.00:742][  0]LogConfig: Setting CVar [[r.SSR.HalfResSceneColor:0]]
[2022.01.09-05.29.00:742][  0]LogConfig: Setting CVar [[r.SceneColorFormat:4]]
[2022.01.09-05.29.00:742][  0]LogConfig: Setting CVar [[r.DetailMode:2]]
[2022.01.09-05.29.00:742][  0]LogConfig: Setting CVar [[r.TranslucencyVolumeBlur:1]]
[2022.01.09-05.29.00:742][  0]LogConfig: Setting CVar [[r.MaterialQualityLevel:1 ; High quality]]
[2022.01.09-05.29.00:742][  0]LogConfig: Setting CVar [[r.AnisotropicMaterials:1]]
[2022.01.09-05.29.00:742][  0]LogConfig: Setting CVar [[r.SSS.Scale:1]]
[2022.01.09-05.29.00:742][  0]LogConfig: Setting CVar [[r.SSS.SampleSet:2]]
[2022.01.09-05.29.00:742][  0]LogConfig: Setting CVar [[r.SSS.Quality:1]]
[2022.01.09-05.29.00:742][  0]LogConfig: Setting CVar [[r.SSS.HalfRes:0]]
[2022.01.09-05.29.00:742][  0]LogConfig: Setting CVar [[r.SSGI.Quality:3]]
[2022.01.09-05.29.00:742][  0]LogConfig: Setting CVar [[r.EmitterSpawnRateScale:1.0]]
[2022.01.09-05.29.00:742][  0]LogConfig: Setting CVar [[r.ParticleLightQuality:2]]
[2022.01.09-05.29.00:742][  0]LogConfig: Setting CVar [[r.SkyAtmosphere.AerialPerspectiveLUT.FastApplyOnOpaque:1 ; Always have FastSkyLUT 1 in this case to avoid wrong sky]]
[2022.01.09-05.29.00:742][  0]LogConfig: Setting CVar [[r.SkyAtmosphere.AerialPerspectiveLUT.SampleCountMaxPerSlice:4]]
[2022.01.09-05.29.00:742][  0]LogConfig: Setting CVar [[r.SkyAtmosphere.AerialPerspectiveLUT.DepthResolution:16.0]]
[2022.01.09-05.29.00:742][  0]LogConfig: Setting CVar [[r.SkyAtmosphere.FastSkyLUT:1]]
[2022.01.09-05.29.00:742][  0]LogConfig: Setting CVar [[r.SkyAtmosphere.FastSkyLUT.SampleCountMin:4.0]]
[2022.01.09-05.29.00:742][  0]LogConfig: Setting CVar [[r.SkyAtmosphere.FastSkyLUT.SampleCountMax:128.0]]
[2022.01.09-05.29.00:742][  0]LogConfig: Setting CVar [[r.SkyAtmosphere.SampleCountMin:4.0]]
[2022.01.09-05.29.00:742][  0]LogConfig: Setting CVar [[r.SkyAtmosphere.SampleCountMax:128.0]]
[2022.01.09-05.29.00:742][  0]LogConfig: Setting CVar [[r.SkyAtmosphere.TransmittanceLUT.UseSmallFormat:0]]
[2022.01.09-05.29.00:742][  0]LogConfig: Setting CVar [[r.SkyAtmosphere.TransmittanceLUT.SampleCount:10.0]]
[2022.01.09-05.29.00:742][  0]LogConfig: Setting CVar [[r.SkyAtmosphere.MultiScatteringLUT.SampleCount:15.0]]
[2022.01.09-05.29.00:742][  0]LogConfig: Setting CVar [[r.SkyLight.RealTimeReflectionCapture:1]]
[2022.01.09-05.29.00:742][  0]LogConfig: Applying CVar settings from Section [FoliageQuality@3] File [E:/GitHubProjects/MonsterShooter/FPS Backup - Copy/Saved/Config/Windows/Scalability.ini]
[2022.01.09-05.29.00:742][  0]LogConfig: Setting CVar [[foliage.DensityScale:1.0]]
[2022.01.09-05.29.00:742][  0]LogConfig: Setting CVar [[grass.DensityScale:1.0]]
[2022.01.09-05.29.00:742][  0]LogConfig: Applying CVar settings from Section [ShadingQuality@3] File [E:/GitHubProjects/MonsterShooter/FPS Backup - Copy/Saved/Config/Windows/Scalability.ini]
[2022.01.09-05.29.00:742][  0]LogConfig: Setting CVar [[r.HairStrands.SkyLighting.IntegrationType:2]]
[2022.01.09-05.29.00:742][  0]LogConfig: Setting CVar [[r.HairStrands.SkyAO.SampleCount:4]]
[2022.01.09-05.29.00:742][  0]LogConfig: Setting CVar [[r.HairStrands.Visibility.MSAA.SamplePerPixel:4]]
[2022.01.09-05.29.00:742][  0]LogConfig: Applying CVar settings from Section [Startup] File [../../../Engine/Config/ConsoleVariables.ini]
[2022.01.09-05.29.00:743][  0]LogConfig: Setting CVar [[net.UseAdaptiveNetUpdateFrequency:0]]
[2022.01.09-05.29.00:743][  0]LogConfig: Setting CVar [[p.chaos.AllowCreatePhysxBodies:1]]
[2022.01.09-05.29.00:743][  0]LogConfig: Setting CVar [[fx.SkipVectorVMBackendOptimizations:1]]
[2022.01.09-05.29.00:743][  0]LogConfig: Applying CVar settings from Section [ConsoleVariables] File [E:/GitHubProjects/MonsterShooter/FPS Backup - Copy/Saved/Config/Windows/Engine.ini]
[2022.01.09-05.29.00:743][  0]LogConfig: Applying CVar settings from Section [ConsoleVariables] File [E:/GitHubProjects/MonsterShooter/FPS Backup - Copy/Saved/Config/Windows/Editor.ini]
[2022.01.09-05.29.00:743][  0]LogInit: Computer: JACOB-DESKTOP
[2022.01.09-05.29.00:743][  0]LogInit: User: jaybo
[2022.01.09-05.29.00:743][  0]LogInit: CPU Page size=4096, Cores=12
[2022.01.09-05.29.00:743][  0]LogInit: High frequency timer resolution =10.000000 MHz
[2022.01.09-05.29.00:743][  0]LogMemory: Memory total: Physical=31.9GB (32GB approx)
[2022.01.09-05.29.00:743][  0]LogMemory: Platform Memory Stats for Windows
[2022.01.09-05.29.00:743][  0]LogMemory: Process Physical Memory: 153.74 MB used, 153.75 MB peak
[2022.01.09-05.29.00:743][  0]LogMemory: Process Virtual Memory: 135.85 MB used, 135.85 MB peak
[2022.01.09-05.29.00:743][  0]LogMemory: Physical Memory: 18899.17 MB used,  13780.58 MB free, 32679.75 MB total
[2022.01.09-05.29.00:743][  0]LogMemory: Virtual Memory: 134186064.00 MB used,  31660.86 MB free, 134217728.00 MB total
[2022.01.09-05.29.00:749][  0]LogWindows: WindowsPlatformFeatures enabled
[2022.01.09-05.29.00:800][  0]LogInit: Physics initialised using underlying interface: PhysX
[2022.01.09-05.29.00:801][  0]LogInit: Using OS detected language (en-US).
[2022.01.09-05.29.00:801][  0]LogInit: Using OS detected locale (en-US).
[2022.01.09-05.29.00:803][  0]LogTextLocalizationManager: No specific localization for 'en-US' exists, so the 'en' localization will be used.
[2022.01.09-05.29.01:023][  0]LogInit: Setting process to per monitor DPI aware
[2022.01.09-05.29.01:042][  0]LogWindowsTextInputMethodSystem: Display: IME system deactivated.
[2022.01.09-05.29.01:055][  0]LogSlate: New Slate User Created.  User Index 0, Is Virtual User: 0
[2022.01.09-05.29.01:055][  0]LogSlate: Slate User Registered.  User Index 0, Is Virtual User: 0
[2022.01.09-05.29.01:306][  0]LogD3D11RHI: Loaded GFSDK_Aftermath_Lib.x64.dll
[2022.01.09-05.29.01:328][  0]LogHMD: Failed to initialize OpenVR with code 103
[2022.01.09-05.29.01:328][  0]LogD3D11RHI: D3D11 min allowed feature level: 11_0
[2022.01.09-05.29.01:328][  0]LogD3D11RHI: D3D11 max allowed feature level: 11_0
[2022.01.09-05.29.01:328][  0]LogD3D11RHI: D3D11 adapters:
[2022.01.09-05.29.01:427][  0]LogD3D11RHI:    0. 'NVIDIA GeForce GTX 1050 Ti' (Feature Level 11_0)
[2022.01.09-05.29.01:427][  0]LogD3D11RHI:       4018/0/16339 MB DedicatedVideo/DedicatedSystem/SharedSystem, Outputs:1, VendorId:0x10de
[2022.01.09-05.29.01:429][  0]LogD3D11RHI:    1. 'Microsoft Basic Render Driver' (Feature Level 11_0)
[2022.01.09-05.29.01:429][  0]LogD3D11RHI:       0/0/16339 MB DedicatedVideo/DedicatedSystem/SharedSystem, Outputs:0, VendorId:0x1414
[2022.01.09-05.29.01:429][  0]LogD3D11RHI: Chosen D3D11 Adapter:
[2022.01.09-05.29.01:429][  0]LogD3D11RHI:     Description : NVIDIA GeForce GTX 1050 Ti
[2022.01.09-05.29.01:429][  0]LogD3D11RHI:     VendorId    : 10de
[2022.01.09-05.29.01:429][  0]LogD3D11RHI:     DeviceId    : 1c82
[2022.01.09-05.29.01:429][  0]LogD3D11RHI:     SubSysId    : 33511462
[2022.01.09-05.29.01:429][  0]LogD3D11RHI:     Revision    : 00a1
[2022.01.09-05.29.01:429][  0]LogD3D11RHI:     DedicatedVideoMemory : 4213178368 bytes
[2022.01.09-05.29.01:429][  0]LogD3D11RHI:     DedicatedSystemMemory : 0 bytes
[2022.01.09-05.29.01:429][  0]LogD3D11RHI:     SharedSystemMemory : 17133600768 bytes
[2022.01.09-05.29.01:429][  0]LogD3D11RHI:     AdapterLuid : 0 67297
[2022.01.09-05.29.01:440][  0]LogD3D11RHI: Creating new Direct3DDevice
[2022.01.09-05.29.01:440][  0]LogD3D11RHI:     GPU DeviceId: 0x1c82 (for the marketing name, search the web for "GPU Device Id")
[2022.01.09-05.29.01:440][  0]LogWindows: EnumDisplayDevices:
[2022.01.09-05.29.01:440][  0]LogWindows:    0. 'NVIDIA GeForce GTX 1050 Ti' (P:1 D:1)
[2022.01.09-05.29.01:441][  0]LogWindows:    1. 'NVIDIA GeForce GTX 1050 Ti' (P:0 D:0)
[2022.01.09-05.29.01:441][  0]LogWindows:    2. 'NVIDIA GeForce GTX 1050 Ti' (P:0 D:0)
[2022.01.09-05.29.01:441][  0]LogWindows:    3. 'NVIDIA GeForce GTX 1050 Ti' (P:0 D:0)
[2022.01.09-05.29.01:442][  0]LogWindows: DebugString: FoundDriverCount:4 
[2022.01.09-05.29.01:442][  0]LogD3D11RHI:     Adapter Name: NVIDIA GeForce GTX 1050 Ti
[2022.01.09-05.29.01:442][  0]LogD3D11RHI:   Driver Version: 497.29 (internal:30.0.14.9729, unified:497.29)
[2022.01.09-05.29.01:442][  0]LogD3D11RHI:      Driver Date: 12-15-2021
[2022.01.09-05.29.01:442][  0]LogRHI: Texture pool is 2812 MB (70% of 4018 MB)
[2022.01.09-05.29.01:442][  0]LogD3D11RHI: Creating D3DDevice using adapter:
[2022.01.09-05.29.01:442][  0]LogD3D11RHI:     Description : NVIDIA GeForce GTX 1050 Ti
[2022.01.09-05.29.01:442][  0]LogD3D11RHI:     VendorId    : 10de
[2022.01.09-05.29.01:442][  0]LogD3D11RHI:     DeviceId    : 1c82
[2022.01.09-05.29.01:442][  0]LogD3D11RHI:     SubSysId    : 33511462
[2022.01.09-05.29.01:442][  0]LogD3D11RHI:     Revision    : 00a1
[2022.01.09-05.29.01:442][  0]LogD3D11RHI:     DedicatedVideoMemory : 4213178368 bytes
[2022.01.09-05.29.01:442][  0]LogD3D11RHI:     DedicatedSystemMemory : 0 bytes
[2022.01.09-05.29.01:442][  0]LogD3D11RHI:     SharedSystemMemory : 17133600768 bytes
[2022.01.09-05.29.01:442][  0]LogD3D11RHI:     AdapterLuid : 0 67297
[2022.01.09-05.29.01:494][  0]LogD3D11RHI: RHI has support for 64 bit atomics
[2022.01.09-05.29.01:494][  0]LogD3D11RHI: Async texture creation enabled
[2022.01.09-05.29.01:494][  0]LogD3D11RHI: Array index from any shader is supported
[2022.01.09-05.29.01:510][  0]LogD3D11RHI: GPU Timing Frequency: 1000.000000 (Debug: 2 1)
[2022.01.09-05.29.01:549][  0]LogRHI: GeForceNow SDK initialized: 1
[2022.01.09-05.29.01:842][  0]LogTargetPlatformManager: Display: Loaded TargetPlatform 'AllDesktop'
[2022.01.09-05.29.01:862][  0]LogTargetPlatformManager: Display: Loaded TargetPlatform 'Android'
[2022.01.09-05.29.01:862][  0]LogTargetPlatformManager: Display: Loaded TargetPlatform 'Android_ASTC'
[2022.01.09-05.29.01:862][  0]LogTargetPlatformManager: Display: Loaded TargetPlatform 'Android_DXT'
[2022.01.09-05.29.01:862][  0]LogTargetPlatformManager: Display: Loaded TargetPlatform 'Android_ETC2'
[2022.01.09-05.29.01:862][  0]LogTargetPlatformManager: Display: Loaded TargetPlatform 'AndroidClient'
[2022.01.09-05.29.01:862][  0]LogTargetPlatformManager: Display: Loaded TargetPlatform 'Android_ASTCClient'
[2022.01.09-05.29.01:862][  0]LogTargetPlatformManager: Display: Loaded TargetPlatform 'Android_DXTClient'
[2022.01.09-05.29.01:862][  0]LogTargetPlatformManager: Display: Loaded TargetPlatform 'Android_ETC2Client'
[2022.01.09-05.29.01:862][  0]LogTargetPlatformManager: Display: Loaded TargetPlatform 'Android_Multi'
[2022.01.09-05.29.01:862][  0]LogTargetPlatformManager: Display: Loaded TargetPlatform 'Android_MultiClient'
[2022.01.09-05.29.01:879][  0]LogTargetPlatformManager: Display: Loaded TargetPlatform 'IOSClient'
[2022.01.09-05.29.01:879][  0]LogTargetPlatformManager: Display: Loaded TargetPlatform 'IOS'
[2022.01.09-05.29.01:888][  0]LogTargetPlatformManager: Display: Loaded TargetPlatform 'Linux'
[2022.01.09-05.29.01:892][  0]LogTargetPlatformManager: Display: Loaded TargetPlatform 'LinuxNoEditor'
[2022.01.09-05.29.01:895][  0]LogTargetPlatformManager: Display: Loaded TargetPlatform 'LinuxClient'
[2022.01.09-05.29.01:899][  0]LogTargetPlatformManager: Display: Loaded TargetPlatform 'LinuxServer'
[2022.01.09-05.29.01:907][  0]LogTargetPlatformManager: Display: Loaded TargetPlatform 'LinuxAArch64NoEditor'
[2022.01.09-05.29.01:911][  0]LogTargetPlatformManager: Display: Loaded TargetPlatform 'LinuxAArch64Client'
[2022.01.09-05.29.01:914][  0]LogTargetPlatformManager: Display: Loaded TargetPlatform 'LinuxAArch64Server'
[2022.01.09-05.29.01:934][  0]LogTargetPlatformManager: Display: Loaded TargetPlatform 'Lumin'
[2022.01.09-05.29.01:934][  0]LogTargetPlatformManager: Display: Loaded TargetPlatform 'LuminClient'
[2022.01.09-05.29.01:940][  0]LogTargetPlatformManager: Display: Loaded TargetPlatform 'MacNoEditor'
[2022.01.09-05.29.01:944][  0]LogTargetPlatformManager: Display: Loaded TargetPlatform 'Mac'
[2022.01.09-05.29.01:947][  0]LogTargetPlatformManager: Display: Loaded TargetPlatform 'MacClient'
[2022.01.09-05.29.01:951][  0]LogTargetPlatformManager: Display: Loaded TargetPlatform 'MacServer'
[2022.01.09-05.29.01:959][  0]LogTargetPlatformManager: Display: Loaded TargetPlatform 'TVOSClient'
[2022.01.09-05.29.01:959][  0]LogTargetPlatformManager: Display: Loaded TargetPlatform 'TVOS'
[2022.01.09-05.29.01:967][  0]LogTargetPlatformManager: Display: Loaded TargetPlatform 'WindowsNoEditor'
[2022.01.09-05.29.01:971][  0]LogTargetPlatformManager: Display: Loaded TargetPlatform 'Windows'
[2022.01.09-05.29.01:975][  0]LogTargetPlatformManager: Display: Loaded TargetPlatform 'WindowsClient'
[2022.01.09-05.29.01:978][  0]LogTargetPlatformManager: Display: Loaded TargetPlatform 'WindowsServer'
[2022.01.09-05.29.01:978][  0]LogTargetPlatformManager: Display: Building Assets For Windows
[2022.01.09-05.29.01:983][  0]LogAudioDebug: Display: Lib vorbis DLL was dynamically loaded.
[2022.01.09-05.29.02:006][  0]LogTextureFormatOodle: Display: Oodle Texture 2.9.0 init RDO Off
[2022.01.09-05.29.02:029][  0]LogRendererCore: Ray tracing is disabled. Reason: r.RayTracing=0.
[2022.01.09-05.29.02:029][  0]LogShaderCompilers: Guid format shader working directory is -5 characters bigger than the processId version (E:/GitHubProjects/MonsterShooter/FPS Backup - Copy/Intermediate/Shaders/WorkingDirectory/44304/).
[2022.01.09-05.29.02:029][  0]LogShaderCompilers: Cleaned the shader compiler working directory 'C:/Users/jaybo/AppData/Local/Temp/UnrealShaderWorkingDir/D90ED1BB4C385170335C61BDE99108FA/'.
[2022.01.09-05.29.02:030][  0]LogShaderCompilers: Display: Using XGE Controller for Shader Compilation.
[2022.01.09-05.29.02:729][  0]LogDerivedDataCache: Display: Max Cache Size: 512 MB
[2022.01.09-05.29.02:792][  0]LogDerivedDataCache: Loaded boot cache 0.06s 94MB C:/Users/jaybo/AppData/Local/UnrealEngine/4.27/DerivedDataCache/Boot.ddc.
[2022.01.09-05.29.02:792][  0]LogDerivedDataCache: Display: Loaded Boot cache: C:/Users/jaybo/AppData/Local/UnrealEngine/4.27/DerivedDataCache/Boot.ddc
[2022.01.09-05.29.02:792][  0]LogDerivedDataCache: FDerivedDataBackendGraph:  Pak pak cache file E:/GitHubProjects/MonsterShooter/FPS Backup - Copy/DerivedDataCache/DDC.ddp not found, will not use a pak cache.
[2022.01.09-05.29.02:792][  0]LogDerivedDataCache: Unable to find inner node Pak for hierarchical cache Hierarchy.
[2022.01.09-05.29.02:792][  0]LogDerivedDataCache: FDerivedDataBackendGraph:  CompressedPak pak cache file E:/GitHubProjects/MonsterShooter/FPS Backup - Copy/DerivedDataCache/Compressed.ddp not found, will not use a pak cache.
[2022.01.09-05.29.02:792][  0]LogDerivedDataCache: Unable to find inner node CompressedPak for hierarchical cache Hierarchy.
[2022.01.09-05.29.02:809][  0]LogDerivedDataCache: Display: Pak cache opened for reading ../../../Engine/DerivedDataCache/Compressed.ddp.
[2022.01.09-05.29.02:809][  0]LogDerivedDataCache: FDerivedDataBackendGraph:  EnterprisePak pak cache file ../../../Enterprise/DerivedDataCache/Compressed.ddp not found, will not use a pak cache.
[2022.01.09-05.29.02:809][  0]LogDerivedDataCache: Unable to find inner node EnterprisePak for hierarchical cache Hierarchy.
[2022.01.09-05.29.02:818][  0]LogDerivedDataCache: Speed tests for C:/Users/jaybo/AppData/Local/UnrealEngine/Common/DerivedDataCache took 0.01 seconds
[2022.01.09-05.29.02:818][  0]LogDerivedDataCache: Display: Performance to C:/Users/jaybo/AppData/Local/UnrealEngine/Common/DerivedDataCache: Latency=0.03ms. RandomReadSpeed=333.03MBs, RandomWriteSpeed=148.40MBs. Assigned SpeedClass 'Local'
[2022.01.09-05.29.02:819][  0]LogDerivedDataCache: Using Local data cache path C:/Users/jaybo/AppData/Local/UnrealEngine/Common/DerivedDataCache: Writable
[2022.01.09-05.29.02:819][  0]LogDerivedDataCache: Shared data cache path not found in *engine.ini, will not use an Shared cache.
[2022.01.09-05.29.02:819][  0]LogDerivedDataCache: Unable to find inner node Shared for hierarchical cache Hierarchy.
[2022.01.09-05.29.02:862][  0]LogSlate: Using FreeType 2.10.0
[2022.01.09-05.29.02:863][  0]LogSlate: SlateFontServices - WITH_FREETYPE: 1, WITH_HARFBUZZ: 1
[2022.01.09-05.29.02:885][  0]LogAssetRegistry: FAssetRegistry took 0.0029 seconds to start up
[2022.01.09-05.29.03:104][  0]LogInit: Selected Device Profile: [Windows]
[2022.01.09-05.29.03:104][  0]LogInit: Active device profile: [00000263C2DBAE00][00000263B3B900C0 49] Windows
[2022.01.09-05.29.03:104][  0]LogInit: Profiles: [00000263C2DBAE00][00000263B3B900C0 49] Windows, [00000263C2D56A00][00000263C1002240 49] WindowsNoEditor, [00000263C2DB9100][00000263C10063C0 49] WindowsServer, [00000263C2D54800][00000263C100A540 49] WindowsClient, [00000263C2DBA700][00000263C0FFE680 49] IOS, [00000263C2DB9200][00000263C30207C0 49] iPadAir, [00000263C2D49F00][00000263C3024900 49] iPadAir2, [00000263C2CF4B00][00000263C3030BC0 49] IPadPro, [00000263C2CF4C00][00000263C302CC00 49] iPadAir3, [00000263C2D48700][00000263C3034D80 49] iPadAir4, [00000263C2CF4200][00000263C3038F00 49] iPadMini2, [00000263C2D4B600][00000263C303D080 49] iPadMini3, [00000263C2CF6E00][00000263C3041200 49] iPadMini4, [00000263C2D48600][00000263C3045380 49] iPadMini5, [00000263C2D55A00][00000263C304D640 49] iPhone6, [00000263C2D54100][00000263C3049680 49] iPodTouch6, [00000263C2CF4700][00000263C3055940 49] iPhone7, [00000263C2CF6F00][00000263C3051980 49] iPodTouch7, [00000263C2D55700][00000263C3059B00 49] iPhone5S, [00000263C2CF4300][00000263C305C100 49] iPhone6Plus, [00000263C2D57400][00000263C3060280 49] iPhone6S, [00000263C2CF5600][00000263C3064400 49] iPhone6SPlus, [00000263C2D54B00][00000263C3068580 49] iPhone7Plus, [00000263C2CF6200][00000263C306C700 49] iPhoneSE, [00000263C2D55C00][00000263C3028840 49] iPhone8, [00000263C2CF5900][00000263C3312980 49] iPhone8Plus, [00000263C2D55200][00000263C3316AC0 49] iPhoneX, [00000263C2CF7E00][00000263C331EC40 49] iPhoneXS, [00000263C2D56300][00000263C3322DC0 49] iPhoneXSMax, [00000263C2CF4500][00000263C3326F40 49] iPhoneXR, [00000263C2D55E00][00000263C332B0C0 49] iPhone11, [00000263C2CF5C00][00000263C332F240 49] iPhone11Pro, [00000263C2D54600][00000263C33333C0 49] iPhone11ProMax, [00000263C2CF6B00][00000263C3337540 49] iPhoneSE2, [00000263C2D55300][00000263C333B6C0 49] iPhone12Mini, [00000263C2CF6A00][00000263C333F840 49] iPhone12, [00000263C2D57300][00000263C33439C0 49] iPhone12Pro, [00000263C2CF5800][00000263C3347B40 49] iPhone12ProMax, [00000263C2D57800][00000263C334A140 49] iPadPro105, [00000263C2CF5E00][00000263C334E2C0 49] iPadPro129, [00000263C2D57E00][00000263C3352440 49] iPadPro97, [00000263C2CF7100][00000263C33565C0 49] iPadPro2_129, [00000263C2D57600][00000263C335A740 49] iPad5, [00000263C2CF6000][00000263C335E8C0 49] iPad6, [00000263C2D56700][00000263C331AA00 49] iPad7, [00000263C2CF7500][00000263C3362B40 49] iPad8, [00000263C2D54500][00000263C3366C80 49] iPadPro11, [00000263C2CF7900][00000263C336ADC0 49] iPadPro2_11, [00000263C2D56F00][00000263C3372F40 49] iPadPro3_129, [00000263C2CF7C00][00000263C33770C0 49] iPadPro4_129, [00000263C2D56100][00000263C337B240 49] AppleTV, [00000263C2CF4900][00000263C337F3C0 49] AppleTV4K, [00000263C2D57B00][00000263C3383540 49] TVOS, [00000263C2CF7F00][00000263C33876C0 49] Mac, [00000263C2D57500][00000263C338B840 49] MacClient, [00000263C2CF7D00][00000263C338F9C0 49] MacNoEditor, [00000263C2D56800][00000263C3393B40 49] MacServer, [00000263C2CF6300][00000263C3396140 49] Linux, [00000263C2D57100][00000263C339A2C0 49] LinuxAArch64, [00000263C2CF4D00][00000263C339E440 49] LinuxNoEditor, [00000263C2D56B00][00000263C33A25C0 49] LinuxAArch64NoEditor, [00000263C2CF7B00][00000263C33A6740 49] LinuxClient, [00000263C2D57900][00000263C33AA8C0 49] LinuxAArch64Client, [00000263C2CF5700][00000263C33AEA40 49] LinuxServer, [00000263C2D56200][00000263C336EB80 49] LinuxAArch64Server, [00000263C2D4B400][00000263C33B2CC0 49] Android, [00000263C2DB8100][00000263C33B6E00 49] Android_Low, [00000263C2D48300][00000263C33BAF40 49] Android_Mid, [00000263C2DB9B00][00000263C33C30C0 49] Android_High, [00000263C2D4A700][00000263C33C7240 49] Android_Default, [00000263C2DBAB00][00000263C33CB3C0 49] Android_Adreno4xx, [00000263C2D4AE00][00000263C33CF540 49] Android_Adreno5xx_Low, [00000263C2DBB200][00000263C33D36C0 49] Android_Adreno5xx, [00000263C2D4BD00][00000263C33D7840 49] Android_Adreno6xx, [00000263C2DBA300][00000263C33DB9C0 49] Android_Adreno6xx_Vulkan, [00000263C2D4A200][00000263C33DFB40 49] Android_Mali_T6xx, [00000263C2DB8D00][00000263C33E2140 49] Android_Mali_T7xx, [00000263C2D48A00][00000263C33E62C0 49] Android_Mali_T8xx, [00000263C2DB9300][00000263C33EA440 49] Android_Mali_G71, [00000263C2D4B000][00000263C33EE5C0 49] Android_Mali_G72, [00000263C2DBB000][00000263C33F2740 49] Android_Mali_G72_Vulkan, [00000263C2D49500][00000263C33F68C0 49] Android_Mali_G76, [00000263C2DBAD00][00000263C33FAA40 49] Android_Mali_G76_Vulkan, [00000263C2D4BE00][00000263C33FEBC0 49] Android_Mali_G77, [00000263C2DBB700][00000263C3402D40 49] Android_Mali_G77_Vulkan, [00000263C2D48D00][00000263C33BEE80 49] Android_Mali_G78, [00000263C2DBA100][00000263C3406FC0 49] Android_Mali_G78_Vulkan, [00000263C2D4AD00][00000263C340B100 49] Android_Mali_G710, [00000263C2DB9000][00000263C3413280 49] Android_Mali_G710_Vulkan, [00000263C2D4BB00][00000263C3417400 49] Android_Vulkan_SM5, [00000263C2DBB300][00000263C341B580 49] Android_PowerVR_G6xxx, [00000263C2D49600][00000263C3C51700 49] Android_PowerVR_GT7xxx, [00000263C2DB9D00][00000263C3C55880 49] Android_PowerVR_GE8xxx, [00000263C2D56500][00000263C3C59A00 49] Android_PowerVR_GM9xxx, [00000263C2DB8500][00000263C3C5DB80 49] Android_PowerVR_GM9xxx_Vulkan, [00000263C2D55F00][00000263C3C60180 49] Android_TegraK1, [00000263C2DB8200][00000263C3C64300 49] Android_Unknown_Vulkan, [00000263C2D54E00][00000263C3C68480 49] Lumin, [00000263C2DB8600][00000263C3C6C600 49] Lumin_Desktop, [00000263C2D57C00][00000263C3C70780 49] HoloLens, 
[2022.01.09-05.29.03:214][  0]LogMeshReduction: Using QuadricMeshReduction for automatic static mesh reduction
[2022.01.09-05.29.03:214][  0]LogMeshReduction: Using SimplygonMeshReduction for automatic skeletal mesh reduction
[2022.01.09-05.29.03:214][  0]LogMeshReduction: Using ProxyLODMeshReduction for automatic mesh merging
[2022.01.09-05.29.03:214][  0]LogMeshReduction: No distributed automatic mesh merging module available
[2022.01.09-05.29.03:214][  0]LogMeshMerging: No distributed automatic mesh merging module available
[2022.01.09-05.29.03:234][  0]LogNetVersion: FPS 1.0.0, NetCL: 17155196, EngineNetVer: 17, GameNetVer: 0 (Checksum: 624169647)
[2022.01.09-05.29.03:679][  0]LogTexture: Default maximum texture size for cubemaps generated from long-lat sources has been changed from 512 to unlimited. In order to preserve old behaiour for '/Engine/MapTemplates/Sky/DaylightAmbientCubemap.DaylightAmbientCubemap', its maximum texture size has been explicitly set to 512.
[2022.01.09-05.29.03:738][  0]LogHMD: PokeAHoleMaterial loaded successfully
[2022.01.09-05.29.03:745][  0]LogUObjectArray: 17178 objects as part of root set at end of initial load.
[2022.01.09-05.29.03:745][  0]LogUObjectAllocator: 4301856 out of 0 bytes used by permanent object pool.
[2022.01.09-05.29.03:745][  0]LogUObjectArray: CloseDisregardForGC: 0/0 objects in disregard for GC pool
[2022.01.09-05.29.03:868][  0]LogPython: Using Python 3.7.7
[2022.01.09-05.29.04:740][  0]LogNiagaraDebuggerClient: Niagara Debugger Client Initialized | Session: 427875FC47EDE21918B53BAA7ABCADFE | Instance: 72191CF44064A0355472AC8FDDC6DE76 (JACOB-DESKTOP-44304).
[2022.01.09-05.29.04:811][  0]LogImageWrapper: Warning: PNG Warning: Duplicate iCCP chunk
[2022.01.09-05.29.04:811][  0]LogImageWrapper: Warning: PNG Warning: Duplicate iCCP chunk
[2022.01.09-05.29.04:811][  0]LogTcpMessaging: Initializing TcpMessaging bridge
[2022.01.09-05.29.04:815][  0]LogUdpMessaging: Initializing bridge on interface 0.0.0.0:0 to multicast group 230.0.0.1:6666.
[2022.01.09-05.29.05:022][  0]SourceControl: Source control is disabled
[2022.01.09-05.29.05:022][  0]SourceControl: Source control is disabled
[2022.01.09-05.29.05:024][  0]SourceControl: Source control is disabled
[2022.01.09-05.29.05:036][  0]SourceControl: Source control is disabled
[2022.01.09-05.29.05:039][  0]SourceControl: Source control is disabled
[2022.01.09-05.29.05:047][  0]LogUProjectInfo: Found projects:
[2022.01.09-05.29.05:056][  0]LogOpenImageDenoise: OIDN starting up
[2022.01.09-05.29.05:158][  0]LogAndroidPermission: UAndroidPermissionCallbackProxy::GetInstance
[2022.01.09-05.29.05:177][  0]LogAudioCaptureCore: Display: No Audio Capture implementations found. Audio input will be silent.
[2022.01.09-05.29.05:177][  0]LogAudioCaptureCore: Display: No Audio Capture implementations found. Audio input will be silent.
[2022.01.09-05.29.05:307][  0]LogCollectionManager: Loaded 0 collections in 0.000653 seconds
[2022.01.09-05.29.05:332][  0]LogFileCache: Scanning file cache for directory 'E:/GitHubProjects/MonsterShooter/FPS Backup - Copy/Saved/Collections/' took 0.00s
[2022.01.09-05.29.05:332][  0]LogFileCache: Scanning file cache for directory 'E:/GitHubProjects/MonsterShooter/FPS Backup - Copy/Content/Developers/jaybo/Collections/' took 0.00s
[2022.01.09-05.29.05:332][  0]LogFileCache: Scanning file cache for directory 'E:/GitHubProjects/MonsterShooter/FPS Backup - Copy/Content/Collections/' took 0.00s
[2022.01.09-05.29.05:332][  0]LogOcInput: OculusInput pre-init called
[2022.01.09-05.29.05:540][  0]LogImageWrapper: Warning: PNG Warning: Duplicate iCCP chunk
[2022.01.09-05.29.05:540][  0]LogImageWrapper: Warning: PNG Warning: Duplicate iCCP chunk
[2022.01.09-05.29.05:540][  0]LogEngine: Initializing Engine...
[2022.01.09-05.29.05:575][  0]LogHMD: Failed to initialize OpenVR with code 103
[2022.01.09-05.29.06:340][  0]LogHMD: Failed to enumerate extensions. Please check that you have a valid OpenXR runtime installed.
[2022.01.09-05.29.06:340][  0]LogMagicLeap: Warning: VR disabled because ZI is not enabled.  To enable, in the editor, Edit -> Project Settings -> Plugins -> Magic Leap Plugin -> Enable Zero Iteration
[2022.01.09-05.29.06:341][  0]LogStats: UGameplayTagsManager::InitializeManager -  0.000 s
[2022.01.09-05.29.06:458][  0]LogInit: Initializing FReadOnlyCVARCache
[2022.01.09-05.29.06:466][  0]LogAIModule: Creating AISystem for world Untitled
[2022.01.09-05.29.06:476][  0]LogAudio: Display: Initializing Audio Device Manager...
[2022.01.09-05.29.06:478][  0]LogAudio: Display: Loading Default Audio Settings Objects...
[2022.01.09-05.29.06:479][  0]LogAudio: Display: No default SoundConcurrencyObject specified (or failed to load).
[2022.01.09-05.29.06:480][  0]LogAudio: Display: Audio Device Manager Initialized
[2022.01.09-05.29.06:480][  0]LogAudio: Display: Creating Audio Device:                 Id: 1, Scope: Shared, Realtime: True
[2022.01.09-05.29.06:480][  0]LogAudioMixer: Display: Audio Mixer Platform Settings:
[2022.01.09-05.29.06:480][  0]LogAudioMixer: Display: 	Sample Rate:						  48000
[2022.01.09-05.29.06:480][  0]LogAudioMixer: Display: 	Callback Buffer Frame Size Requested: 1024
[2022.01.09-05.29.06:480][  0]LogAudioMixer: Display: 	Callback Buffer Frame Size To Use:	  1024
[2022.01.09-05.29.06:480][  0]LogAudioMixer: Display: 	Number of buffers to queue:			  2
[2022.01.09-05.29.06:480][  0]LogAudioMixer: Display: 	Max Channels (voices):				  32
[2022.01.09-05.29.06:480][  0]LogAudioMixer: Display: 	Number of Async Source Workers:		  0
[2022.01.09-05.29.06:480][  0]LogAudio: Display: AudioDevice MaxSources: 32
[2022.01.09-05.29.06:480][  0]LogAudio: Display: Audio Spatialization Plugin: None (built-in).
[2022.01.09-05.29.06:480][  0]LogAudio: Display: Audio Reverb Plugin: None (built-in).
[2022.01.09-05.29.06:480][  0]LogAudio: Display: Audio Occlusion Plugin: None (built-in).
[2022.01.09-05.29.06:480][  0]LogAudioMixer: Display: Initializing audio mixer.
[2022.01.09-05.29.06:500][  0]LogAudioMixer: Display: 0: FrontLeft
[2022.01.09-05.29.06:500][  0]LogAudioMixer: Display: 1: FrontRight
[2022.01.09-05.29.06:526][  0]LogAudioMixer: Display: Using Audio Device Speakers (Wireless Stereo Headset)
[2022.01.09-05.29.06:529][  0]LogAudioMixer: Display: Initializing Sound Submixes...
[2022.01.09-05.29.06:533][  0]LogAudioMixer: Display: Creating Master Submix 'MasterSubmixDefault'
[2022.01.09-05.29.06:533][  0]LogAudioMixer: Display: Creating Master Submix 'MasterReverbSubmixDefault'
[2022.01.09-05.29.06:534][  0]LogAudioMixer: Display: Creating Master Submix 'MasterEQSubmixDefault'
[2022.01.09-05.29.06:534][  0]LogAudioMixer: FMixerPlatformXAudio2::StartAudioStream() called
[2022.01.09-05.29.06:534][  0]LogAudioMixer: Display: Output buffers initialized: Frames=1024, Channels=2, Samples=2048
[2022.01.09-05.29.06:535][  0]LogAudioMixer: Display: Starting AudioMixerPlatformInterface::RunInternal()
[2022.01.09-05.29.06:535][  0]LogAudioMixer: Display: FMixerPlatformXAudio2::SubmitBuffer() called for the first time
[2022.01.09-05.29.06:535][  0]LogInit: FAudioDevice initialized.
[2022.01.09-05.29.06:535][  0]LogAudio: Display: Audio Device (ID: 1) registered with world 'Untitled'.
[2022.01.09-05.29.06:535][  0]LogNetVersion: Set ProjectVersion to 1.0.0.0. Version Checksum will be recalculated on next use.
[2022.01.09-05.29.06:604][  0]LogDerivedDataCache: Saved boot cache 0.07s 94MB C:/Users/jaybo/AppData/Local/UnrealEngine/4.27/DerivedDataCache/Boot.ddc.
[2022.01.09-05.29.06:604][  0]LogInit: Texture streaming: Enabled
[2022.01.09-05.29.06:615][  0]LogAnalytics: Display: [UEEditor.Rocket.Release] APIServer = https://datarouter.ol.epicgames.com/. AppVersion = 4.27.1-17735300+++UE4+Release-4.27
[2022.01.09-05.29.06:619][  0]LogEngineSessionManager: EngineSessionManager initialized
[2022.01.09-05.29.06:619][  0]LogEditorSessionSummary: Verbose: Initializing EditorSessionSummaryWriter for editor session tracking
[2022.01.09-05.29.06:622][  0]LogEditorSessionSummary: EditorSessionSummaryWriter initialized
[2022.01.09-05.29.06:653][  0]LogInit: Transaction tracking system initialized
[2022.01.09-05.29.06:669][  0]BlueprintLog: New page: Editor Load
[2022.01.09-05.29.06:724][  0]LocalizationService: Localization service is disabled
[2022.01.09-05.29.06:742][  0]TimingProfiler: Initialize
[2022.01.09-05.29.06:742][  0]TimingProfiler: OnSessionChanged
[2022.01.09-05.29.06:742][  0]LoadingProfiler: Initialize
[2022.01.09-05.29.06:742][  0]LoadingProfiler: OnSessionChanged
[2022.01.09-05.29.06:742][  0]NetworkingProfiler: Initialize
[2022.01.09-05.29.06:742][  0]NetworkingProfiler: OnSessionChanged
[2022.01.09-05.29.06:742][  0]MemoryProfiler: Initialize
[2022.01.09-05.29.06:742][  0]MemoryProfiler: OnSessionChanged
[2022.01.09-05.29.08:887][  0]LogCook: Display: CookSettings for Memory: MemoryMaxUsedVirtual 0MiB, MemoryMaxUsedPhysical 16384MiB, MemoryMinFreeVirtual 0MiB, MemoryMinFreePhysical 1024MiB
[2022.01.09-05.29.08:887][  0]LogCook: Display: Mobile HDR setting 1
[2022.01.09-05.29.09:045][  0]LogFileCache: Scanning file cache for directory 'E:/GitHubProjects/MonsterShooter/FPS Backup - Copy/Content/' took 0.03s
[2022.01.09-05.29.09:188][  0]LogImageWrapper: Warning: PNG Warning: Duplicate iCCP chunk
[2022.01.09-05.29.09:188][  0]LogImageWrapper: Warning: PNG Warning: Duplicate iCCP chunk
[2022.01.09-05.29.09:188][  0]LogInit: Display: Engine is initialized. Leaving FEngineLoop::Init()
[2022.01.09-05.29.09:191][  0]SourceControl: Source control is disabled
[2022.01.09-05.29.09:191][  0]LogUnrealEdMisc: Loading editor; pre map load, took 9.404
[2022.01.09-05.29.09:191][  0]Cmd: MAP LOAD FILE="E:/GitHubProjects/MonsterShooter/FPS Backup - Copy/Content/Menus/Main-Menu-Level.umap" TEMPLATE=0 SHOWPROGRESS=1 FEATURELEVEL=3
[2022.01.09-05.29.09:191][  0]LogEditorServer: Warning: Can't find file 'E:/GitHubProjects/MonsterShooter/FPS Backup - Copy/Content/Menus/Main-Menu-Level.umap'
[2022.01.09-05.29.09:192][  0]Cmd: MAP CHECKDEP NOCLEARLOG
[2022.01.09-05.29.09:192][  0]MapCheck: Map check complete: 0 Error(s), 0 Warning(s), took 0.102ms to complete.
[2022.01.09-05.29.09:192][  0]LogFileHelpers: Loading map 'Main-Menu-Level' took 0.000
[2022.01.09-05.29.09:194][  0]LogUnrealEdMisc: Total Editor Startup Time, took 9.407
[2022.01.09-05.29.09:378][  0]LogSlate: Updating window title bar state: overlay mode, drag disabled, window buttons hidden, title bar hidden
[2022.01.09-05.29.09:384][  0]LogSlate: Updating window title bar state: overlay mode, drag disabled, window buttons hidden, title bar hidden
[2022.01.09-05.29.09:390][  0]LogSlate: Updating window title bar state: overlay mode, drag disabled, window buttons hidden, title bar hidden
[2022.01.09-05.29.09:396][  0]LogSlate: Updating window title bar state: overlay mode, drag disabled, window buttons hidden, title bar hidden
[2022.01.09-05.29.09:443][  0]LogNativeClassHierarchy: Verbose: Native class hierarchy populated in 0.0103 seconds. Added 3822 classes and 928 folders.
[2022.01.09-05.29.09:472][  0]LogNativeClassHierarchy: Verbose: Native class hierarchy updated for 'WidgetCarousel' in 0.0003 seconds. Added 0 classes and 0 folders.
[2022.01.09-05.29.09:503][  0]LogPakFile: PakFile PrimaryIndexSize=187
[2022.01.09-05.29.09:503][  0]LogPakFile: PakFile PathHashIndexSize=101
[2022.01.09-05.29.09:503][  0]LogPakFile: PakFile FullDirectoryIndexSize=148
[2022.01.09-05.29.09:503][  0]LogShaderLibrary: Display: ShaderCodeLibraryPakFileMountedCallback: PakFile 'D:/Unreal Engine/Engine Versions/UE_4.27/FeaturePacks/FP_FirstPerson.upack' (chunk index -1, root 'root:/') mounted
[2022.01.09-05.29.09:503][  0]LogShaderLibrary: Display: ShaderCodeLibraryPakFileMountedCallback: pending pak file info (ChunkID:-1 Root:root:/ File:D:/Unreal Engine/Engine Versions/UE_4.27/FeaturePacks/FP_FirstPerson.upack)
[2022.01.09-05.29.09:503][  0]LogPakFile: OnPakFileMounted2Time == 0.000057
[2022.01.09-05.29.09:505][  0]LogPakFile: PakFile PrimaryIndexSize=189
[2022.01.09-05.29.09:505][  0]LogPakFile: PakFile PathHashIndexSize=101
[2022.01.09-05.29.09:505][  0]LogPakFile: PakFile FullDirectoryIndexSize=152
[2022.01.09-05.29.09:505][  0]LogShaderLibrary: Display: ShaderCodeLibraryPakFileMountedCallback: PakFile 'D:/Unreal Engine/Engine Versions/UE_4.27/FeaturePacks/FP_FirstPersonBP.upack' (chunk index -1, root 'root:/') mounted
[2022.01.09-05.29.09:505][  0]LogShaderLibrary: Display: ShaderCodeLibraryPakFileMountedCallback: pending pak file info (ChunkID:-1 Root:root:/ File:D:/Unreal Engine/Engine Versions/UE_4.27/FeaturePacks/FP_FirstPersonBP.upack)
[2022.01.09-05.29.09:505][  0]LogPakFile: OnPakFileMounted2Time == 0.000037
[2022.01.09-05.29.09:518][  0]LogPakFile: PakFile PrimaryIndexSize=191
[2022.01.09-05.29.09:518][  0]LogPakFile: PakFile PathHashIndexSize=101
[2022.01.09-05.29.09:518][  0]LogPakFile: PakFile FullDirectoryIndexSize=160
[2022.01.09-05.29.09:518][  0]LogShaderLibrary: Display: ShaderCodeLibraryPakFileMountedCallback: PakFile 'D:/Unreal Engine/Engine Versions/UE_4.27/FeaturePacks/MobileStarterContent.upack' (chunk index -1, root 'root:/') mounted
[2022.01.09-05.29.09:518][  0]LogShaderLibrary: Display: ShaderCodeLibraryPakFileMountedCallback: pending pak file info (ChunkID:-1 Root:root:/ File:D:/Unreal Engine/Engine Versions/UE_4.27/FeaturePacks/MobileStarterContent.upack)
[2022.01.09-05.29.09:518][  0]LogPakFile: OnPakFileMounted2Time == 0.000044
[2022.01.09-05.29.09:598][  0]LogPakFile: PakFile PrimaryIndexSize=185
[2022.01.09-05.29.09:598][  0]LogPakFile: PakFile PathHashIndexSize=101
[2022.01.09-05.29.09:598][  0]LogPakFile: PakFile FullDirectoryIndexSize=148
[2022.01.09-05.29.09:598][  0]LogShaderLibrary: Display: ShaderCodeLibraryPakFileMountedCallback: PakFile 'D:/Unreal Engine/Engine Versions/UE_4.27/FeaturePacks/StarterContent.upack' (chunk index -1, root 'root:/') mounted
[2022.01.09-05.29.09:598][  0]LogShaderLibrary: Display: ShaderCodeLibraryPakFileMountedCallback: pending pak file info (ChunkID:-1 Root:root:/ File:D:/Unreal Engine/Engine Versions/UE_4.27/FeaturePacks/StarterContent.upack)
[2022.01.09-05.29.09:598][  0]LogPakFile: OnPakFileMounted2Time == 0.000045
[2022.01.09-05.29.09:625][  0]LogPakFile: PakFile PrimaryIndexSize=190
[2022.01.09-05.29.09:625][  0]LogPakFile: PakFile PathHashIndexSize=101
[2022.01.09-05.29.09:625][  0]LogPakFile: PakFile FullDirectoryIndexSize=154
[2022.01.09-05.29.09:625][  0]LogShaderLibrary: Display: ShaderCodeLibraryPakFileMountedCallback: PakFile 'D:/Unreal Engine/Engine Versions/UE_4.27/FeaturePacks/TP_2DSideScroller.upack' (chunk index -1, root 'root:/') mounted
[2022.01.09-05.29.09:625][  0]LogShaderLibrary: Display: ShaderCodeLibraryPakFileMountedCallback: pending pak file info (ChunkID:-1 Root:root:/ File:D:/Unreal Engine/Engine Versions/UE_4.27/FeaturePacks/TP_2DSideScroller.upack)
[2022.01.09-05.29.09:625][  0]LogPakFile: OnPakFileMounted2Time == 0.000041
[2022.01.09-05.29.09:658][  0]LogPakFile: PakFile PrimaryIndexSize=192
[2022.01.09-05.29.09:658][  0]LogPakFile: PakFile PathHashIndexSize=101
[2022.01.09-05.29.09:658][  0]LogPakFile: PakFile FullDirectoryIndexSize=158
[2022.01.09-05.29.09:658][  0]LogShaderLibrary: Display: ShaderCodeLibraryPakFileMountedCallback: PakFile 'D:/Unreal Engine/Engine Versions/UE_4.27/FeaturePacks/TP_2DSideScrollerBP.upack' (chunk index -1, root 'root:/') mounted
[2022.01.09-05.29.09:658][  0]LogShaderLibrary: Display: ShaderCodeLibraryPakFileMountedCallback: pending pak file info (ChunkID:-1 Root:root:/ File:D:/Unreal Engine/Engine Versions/UE_4.27/FeaturePacks/TP_2DSideScrollerBP.upack)
[2022.01.09-05.29.09:658][  0]LogPakFile: OnPakFileMounted2Time == 0.000041
[2022.01.09-05.29.09:670][  0]LogPakFile: PakFile PrimaryIndexSize=182
[2022.01.09-05.29.09:670][  0]LogPakFile: PakFile PathHashIndexSize=101
[2022.01.09-05.29.09:670][  0]LogPakFile: PakFile FullDirectoryIndexSize=138
[2022.01.09-05.29.09:670][  0]LogShaderLibrary: Display: ShaderCodeLibraryPakFileMountedCallback: PakFile 'D:/Unreal Engine/Engine Versions/UE_4.27/FeaturePacks/TP_Flying.upack' (chunk index -1, root 'root:/') mounted
[2022.01.09-05.29.09:670][  0]LogShaderLibrary: Display: ShaderCodeLibraryPakFileMountedCallback: pending pak file info (ChunkID:-1 Root:root:/ File:D:/Unreal Engine/Engine Versions/UE_4.27/FeaturePacks/TP_Flying.upack)
[2022.01.09-05.29.09:670][  0]LogPakFile: OnPakFileMounted2Time == 0.000046
[2022.01.09-05.29.09:672][  0]LogPakFile: PakFile PrimaryIndexSize=184
[2022.01.09-05.29.09:672][  0]LogPakFile: PakFile PathHashIndexSize=101
[2022.01.09-05.29.09:672][  0]LogPakFile: PakFile FullDirectoryIndexSize=142
[2022.01.09-05.29.09:672][  0]LogShaderLibrary: Display: ShaderCodeLibraryPakFileMountedCallback: PakFile 'D:/Unreal Engine/Engine Versions/UE_4.27/FeaturePacks/TP_FlyingBP.upack' (chunk index -1, root 'root:/') mounted
[2022.01.09-05.29.09:672][  0]LogShaderLibrary: Display: ShaderCodeLibraryPakFileMountedCallback: pending pak file info (ChunkID:-1 Root:root:/ File:D:/Unreal Engine/Engine Versions/UE_4.27/FeaturePacks/TP_FlyingBP.upack)
[2022.01.09-05.29.09:672][  0]LogPakFile: OnPakFileMounted2Time == 0.000030
[2022.01.09-05.29.09:713][  0]LogPakFile: PakFile PrimaryIndexSize=188
[2022.01.09-05.29.09:713][  0]LogPakFile: PakFile PathHashIndexSize=101
[2022.01.09-05.29.09:713][  0]LogPakFile: PakFile FullDirectoryIndexSize=150
[2022.01.09-05.29.09:713][  0]LogShaderLibrary: Display: ShaderCodeLibraryPakFileMountedCallback: PakFile 'D:/Unreal Engine/Engine Versions/UE_4.27/FeaturePacks/TP_HandheldARBP.upack' (chunk index -1, root 'root:/') mounted
[2022.01.09-05.29.09:713][  0]LogShaderLibrary: Display: ShaderCodeLibraryPakFileMountedCallback: pending pak file info (ChunkID:-1 Root:root:/ File:D:/Unreal Engine/Engine Versions/UE_4.27/FeaturePacks/TP_HandheldARBP.upack)
[2022.01.09-05.29.09:713][  0]LogPakFile: OnPakFileMounted2Time == 0.000041
[2022.01.09-05.29.09:734][  0]LogPakFile: PakFile PrimaryIndexSize=182
[2022.01.09-05.29.09:734][  0]LogPakFile: PakFile PathHashIndexSize=101
[2022.01.09-05.29.09:734][  0]LogPakFile: PakFile FullDirectoryIndexSize=138
[2022.01.09-05.29.09:734][  0]LogShaderLibrary: Display: ShaderCodeLibraryPakFileMountedCallback: PakFile 'D:/Unreal Engine/Engine Versions/UE_4.27/FeaturePacks/TP_Puzzle.upack' (chunk index -1, root 'root:/') mounted
[2022.01.09-05.29.09:734][  0]LogShaderLibrary: Display: ShaderCodeLibraryPakFileMountedCallback: pending pak file info (ChunkID:-1 Root:root:/ File:D:/Unreal Engine/Engine Versions/UE_4.27/FeaturePacks/TP_Puzzle.upack)
[2022.01.09-05.29.09:734][  0]LogPakFile: OnPakFileMounted2Time == 0.000043
[2022.01.09-05.29.09:736][  0]LogPakFile: PakFile PrimaryIndexSize=184
[2022.01.09-05.29.09:736][  0]LogPakFile: PakFile PathHashIndexSize=101
[2022.01.09-05.29.09:736][  0]LogPakFile: PakFile FullDirectoryIndexSize=142
[2022.01.09-05.29.09:736][  0]LogShaderLibrary: Display: ShaderCodeLibraryPakFileMountedCallback: PakFile 'D:/Unreal Engine/Engine Versions/UE_4.27/FeaturePacks/TP_PuzzleBP.upack' (chunk index -1, root 'root:/') mounted
[2022.01.09-05.29.09:736][  0]LogShaderLibrary: Display: ShaderCodeLibraryPakFileMountedCallback: pending pak file info (ChunkID:-1 Root:root:/ File:D:/Unreal Engine/Engine Versions/UE_4.27/FeaturePacks/TP_PuzzleBP.upack)
[2022.01.09-05.29.09:736][  0]LogPakFile: OnPakFileMounted2Time == 0.000030
[2022.01.09-05.29.09:762][  0]LogPakFile: PakFile PrimaryIndexSize=183
[2022.01.09-05.29.09:762][  0]LogPakFile: PakFile PathHashIndexSize=101
[2022.01.09-05.29.09:762][  0]LogPakFile: PakFile FullDirectoryIndexSize=140
[2022.01.09-05.29.09:762][  0]LogShaderLibrary: Display: ShaderCodeLibraryPakFileMountedCallback: PakFile 'D:/Unreal Engine/Engine Versions/UE_4.27/FeaturePacks/TP_Rolling.upack' (chunk index -1, root 'root:/') mounted
[2022.01.09-05.29.09:762][  0]LogShaderLibrary: Display: ShaderCodeLibraryPakFileMountedCallback: pending pak file info (ChunkID:-1 Root:root:/ File:D:/Unreal Engine/Engine Versions/UE_4.27/FeaturePacks/TP_Rolling.upack)
[2022.01.09-05.29.09:762][  0]LogPakFile: OnPakFileMounted2Time == 0.000040
[2022.01.09-05.29.09:764][  0]LogPakFile: PakFile PrimaryIndexSize=185
[2022.01.09-05.29.09:764][  0]LogPakFile: PakFile PathHashIndexSize=101
[2022.01.09-05.29.09:764][  0]LogPakFile: PakFile FullDirectoryIndexSize=144
[2022.01.09-05.29.09:764][  0]LogShaderLibrary: Display: ShaderCodeLibraryPakFileMountedCallback: PakFile 'D:/Unreal Engine/Engine Versions/UE_4.27/FeaturePacks/TP_RollingBP.upack' (chunk index -1, root 'root:/') mounted
[2022.01.09-05.29.09:764][  0]LogShaderLibrary: Display: ShaderCodeLibraryPakFileMountedCallback: pending pak file info (ChunkID:-1 Root:root:/ File:D:/Unreal Engine/Engine Versions/UE_4.27/FeaturePacks/TP_RollingBP.upack)
[2022.01.09-05.29.09:764][  0]LogPakFile: OnPakFileMounted2Time == 0.000035
[2022.01.09-05.29.09:766][  0]LogPakFile: PakFile PrimaryIndexSize=188
[2022.01.09-05.29.09:766][  0]LogPakFile: PakFile PathHashIndexSize=101
[2022.01.09-05.29.09:766][  0]LogPakFile: PakFile FullDirectoryIndexSize=150
[2022.01.09-05.29.09:766][  0]LogShaderLibrary: Display: ShaderCodeLibraryPakFileMountedCallback: PakFile 'D:/Unreal Engine/Engine Versions/UE_4.27/FeaturePacks/TP_SideScroller.upack' (chunk index -1, root 'root:/') mounted
[2022.01.09-05.29.09:766][  0]LogShaderLibrary: Display: ShaderCodeLibraryPakFileMountedCallback: pending pak file info (ChunkID:-1 Root:root:/ File:D:/Unreal Engine/Engine Versions/UE_4.27/FeaturePacks/TP_SideScroller.upack)
[2022.01.09-05.29.09:766][  0]LogPakFile: OnPakFileMounted2Time == 0.000030
[2022.01.09-05.29.09:767][  0]LogPakFile: PakFile PrimaryIndexSize=190
[2022.01.09-05.29.09:767][  0]LogPakFile: PakFile PathHashIndexSize=101
[2022.01.09-05.29.09:767][  0]LogPakFile: PakFile FullDirectoryIndexSize=154
[2022.01.09-05.29.09:767][  0]LogShaderLibrary: Display: ShaderCodeLibraryPakFileMountedCallback: PakFile 'D:/Unreal Engine/Engine Versions/UE_4.27/FeaturePacks/TP_SideScrollerBP.upack' (chunk index -1, root 'root:/') mounted
[2022.01.09-05.29.09:767][  0]LogShaderLibrary: Display: ShaderCodeLibraryPakFileMountedCallback: pending pak file info (ChunkID:-1 Root:root:/ File:D:/Unreal Engine/Engine Versions/UE_4.27/FeaturePacks/TP_SideScrollerBP.upack)
[2022.01.09-05.29.09:767][  0]LogPakFile: OnPakFileMounted2Time == 0.000029
[2022.01.09-05.29.09:781][  0]LogPakFile: PakFile PrimaryIndexSize=187
[2022.01.09-05.29.09:781][  0]LogPakFile: PakFile PathHashIndexSize=101
[2022.01.09-05.29.09:781][  0]LogPakFile: PakFile FullDirectoryIndexSize=148
[2022.01.09-05.29.09:781][  0]LogShaderLibrary: Display: ShaderCodeLibraryPakFileMountedCallback: PakFile 'D:/Unreal Engine/Engine Versions/UE_4.27/FeaturePacks/TP_ThirdPerson.upack' (chunk index -1, root 'root:/') mounted
[2022.01.09-05.29.09:781][  0]LogShaderLibrary: Display: ShaderCodeLibraryPakFileMountedCallback: pending pak file info (ChunkID:-1 Root:root:/ File:D:/Unreal Engine/Engine Versions/UE_4.27/FeaturePacks/TP_ThirdPerson.upack)
[2022.01.09-05.29.09:781][  0]LogPakFile: OnPakFileMounted2Time == 0.000031
[2022.01.09-05.29.09:783][  0]LogPakFile: PakFile PrimaryIndexSize=189
[2022.01.09-05.29.09:783][  0]LogPakFile: PakFile PathHashIndexSize=101
[2022.01.09-05.29.09:783][  0]LogPakFile: PakFile FullDirectoryIndexSize=152
[2022.01.09-05.29.09:783][  0]LogShaderLibrary: Display: ShaderCodeLibraryPakFileMountedCallback: PakFile 'D:/Unreal Engine/Engine Versions/UE_4.27/FeaturePacks/TP_ThirdPersonBP.upack' (chunk index -1, root 'root:/') mounted
[2022.01.09-05.29.09:783][  0]LogShaderLibrary: Display: ShaderCodeLibraryPakFileMountedCallback: pending pak file info (ChunkID:-1 Root:root:/ File:D:/Unreal Engine/Engine Versions/UE_4.27/FeaturePacks/TP_ThirdPersonBP.upack)
[2022.01.09-05.29.09:783][  0]LogPakFile: OnPakFileMounted2Time == 0.000029
[2022.01.09-05.29.09:784][  0]LogPakFile: PakFile PrimaryIndexSize=183
[2022.01.09-05.29.09:784][  0]LogPakFile: PakFile PathHashIndexSize=101
[2022.01.09-05.29.09:785][  0]LogPakFile: PakFile FullDirectoryIndexSize=140
[2022.01.09-05.29.09:785][  0]LogShaderLibrary: Display: ShaderCodeLibraryPakFileMountedCallback: PakFile 'D:/Unreal Engine/Engine Versions/UE_4.27/FeaturePacks/TP_TopDown.upack' (chunk index -1, root 'root:/') mounted
[2022.01.09-05.29.09:785][  0]LogShaderLibrary: Display: ShaderCodeLibraryPakFileMountedCallback: pending pak file info (ChunkID:-1 Root:root:/ File:D:/Unreal Engine/Engine Versions/UE_4.27/FeaturePacks/TP_TopDown.upack)
[2022.01.09-05.29.09:785][  0]LogPakFile: OnPakFileMounted2Time == 0.000038
[2022.01.09-05.29.09:786][  0]LogPakFile: PakFile PrimaryIndexSize=185
[2022.01.09-05.29.09:786][  0]LogPakFile: PakFile PathHashIndexSize=101
[2022.01.09-05.29.09:786][  0]LogPakFile: PakFile FullDirectoryIndexSize=144
[2022.01.09-05.29.09:786][  0]LogShaderLibrary: Display: ShaderCodeLibraryPakFileMountedCallback: PakFile 'D:/Unreal Engine/Engine Versions/UE_4.27/FeaturePacks/TP_TopDownBP.upack' (chunk index -1, root 'root:/') mounted
[2022.01.09-05.29.09:786][  0]LogShaderLibrary: Display: ShaderCodeLibraryPakFileMountedCallback: pending pak file info (ChunkID:-1 Root:root:/ File:D:/Unreal Engine/Engine Versions/UE_4.27/FeaturePacks/TP_TopDownBP.upack)
[2022.01.09-05.29.09:786][  0]LogPakFile: OnPakFileMounted2Time == 0.000034
[2022.01.09-05.29.09:856][  0]LogPakFile: PakFile PrimaryIndexSize=185
[2022.01.09-05.29.09:856][  0]LogPakFile: PakFile PathHashIndexSize=101
[2022.01.09-05.29.09:856][  0]LogPakFile: PakFile FullDirectoryIndexSize=144
[2022.01.09-05.29.09:856][  0]LogShaderLibrary: Display: ShaderCodeLibraryPakFileMountedCallback: PakFile 'D:/Unreal Engine/Engine Versions/UE_4.27/FeaturePacks/TP_TwinStick.upack' (chunk index -1, root 'root:/') mounted
[2022.01.09-05.29.09:856][  0]LogShaderLibrary: Display: ShaderCodeLibraryPakFileMountedCallback: pending pak file info (ChunkID:-1 Root:root:/ File:D:/Unreal Engine/Engine Versions/UE_4.27/FeaturePacks/TP_TwinStick.upack)
[2022.01.09-05.29.09:856][  0]LogPakFile: OnPakFileMounted2Time == 0.000042
[2022.01.09-05.29.09:858][  0]LogPakFile: PakFile PrimaryIndexSize=187
[2022.01.09-05.29.09:858][  0]LogPakFile: PakFile PathHashIndexSize=101
[2022.01.09-05.29.09:858][  0]LogPakFile: PakFile FullDirectoryIndexSize=148
[2022.01.09-05.29.09:858][  0]LogShaderLibrary: Display: ShaderCodeLibraryPakFileMountedCallback: PakFile 'D:/Unreal Engine/Engine Versions/UE_4.27/FeaturePacks/TP_TwinStickBP.upack' (chunk index -1, root 'root:/') mounted
[2022.01.09-05.29.09:858][  0]LogShaderLibrary: Display: ShaderCodeLibraryPakFileMountedCallback: pending pak file info (ChunkID:-1 Root:root:/ File:D:/Unreal Engine/Engine Versions/UE_4.27/FeaturePacks/TP_TwinStickBP.upack)
[2022.01.09-05.29.09:858][  0]LogPakFile: OnPakFileMounted2Time == 0.000036
[2022.01.09-05.29.09:865][  0]LogPakFile: PakFile PrimaryIndexSize=183
[2022.01.09-05.29.09:865][  0]LogPakFile: PakFile PathHashIndexSize=101
[2022.01.09-05.29.09:865][  0]LogPakFile: PakFile FullDirectoryIndexSize=140
[2022.01.09-05.29.09:865][  0]LogShaderLibrary: Display: ShaderCodeLibraryPakFileMountedCallback: PakFile 'D:/Unreal Engine/Engine Versions/UE_4.27/FeaturePacks/TP_Vehicle.upack' (chunk index -1, root 'root:/') mounted
[2022.01.09-05.29.09:865][  0]LogShaderLibrary: Display: ShaderCodeLibraryPakFileMountedCallback: pending pak file info (ChunkID:-1 Root:root:/ File:D:/Unreal Engine/Engine Versions/UE_4.27/FeaturePacks/TP_Vehicle.upack)
[2022.01.09-05.29.09:865][  0]LogPakFile: OnPakFileMounted2Time == 0.000034
[2022.01.09-05.29.09:875][  0]LogPakFile: PakFile PrimaryIndexSize=186
[2022.01.09-05.29.09:875][  0]LogPakFile: PakFile PathHashIndexSize=101
[2022.01.09-05.29.09:875][  0]LogPakFile: PakFile FullDirectoryIndexSize=146
[2022.01.09-05.29.09:875][  0]LogShaderLibrary: Display: ShaderCodeLibraryPakFileMountedCallback: PakFile 'D:/Unreal Engine/Engine Versions/UE_4.27/FeaturePacks/TP_VehicleAdv.upack' (chunk index -1, root 'root:/') mounted
[2022.01.09-05.29.09:875][  0]LogShaderLibrary: Display: ShaderCodeLibraryPakFileMountedCallback: pending pak file info (ChunkID:-1 Root:root:/ File:D:/Unreal Engine/Engine Versions/UE_4.27/FeaturePacks/TP_VehicleAdv.upack)
[2022.01.09-05.29.09:875][  0]LogPakFile: OnPakFileMounted2Time == 0.000047
[2022.01.09-05.29.09:894][  0]LogPakFile: PakFile PrimaryIndexSize=188
[2022.01.09-05.29.09:894][  0]LogPakFile: PakFile PathHashIndexSize=101
[2022.01.09-05.29.09:894][  0]LogPakFile: PakFile FullDirectoryIndexSize=150
[2022.01.09-05.29.09:894][  0]LogShaderLibrary: Display: ShaderCodeLibraryPakFileMountedCallback: PakFile 'D:/Unreal Engine/Engine Versions/UE_4.27/FeaturePacks/TP_VehicleAdvBP.upack' (chunk index -1, root 'root:/') mounted
[2022.01.09-05.29.09:894][  0]LogShaderLibrary: Display: ShaderCodeLibraryPakFileMountedCallback: pending pak file info (ChunkID:-1 Root:root:/ File:D:/Unreal Engine/Engine Versions/UE_4.27/FeaturePacks/TP_VehicleAdvBP.upack)
[2022.01.09-05.29.09:894][  0]LogPakFile: OnPakFileMounted2Time == 0.000038
[2022.01.09-05.29.09:896][  0]LogPakFile: PakFile PrimaryIndexSize=185
[2022.01.09-05.29.09:896][  0]LogPakFile: PakFile PathHashIndexSize=101
[2022.01.09-05.29.09:896][  0]LogPakFile: PakFile FullDirectoryIndexSize=144
[2022.01.09-05.29.09:896][  0]LogShaderLibrary: Display: ShaderCodeLibraryPakFileMountedCallback: PakFile 'D:/Unreal Engine/Engine Versions/UE_4.27/FeaturePacks/TP_VehicleBP.upack' (chunk index -1, root 'root:/') mounted
[2022.01.09-05.29.09:896][  0]LogShaderLibrary: Display: ShaderCodeLibraryPakFileMountedCallback: pending pak file info (ChunkID:-1 Root:root:/ File:D:/Unreal Engine/Engine Versions/UE_4.27/FeaturePacks/TP_VehicleBP.upack)
[2022.01.09-05.29.09:896][  0]LogPakFile: OnPakFileMounted2Time == 0.000031
[2022.01.09-05.29.09:914][  0]LogPakFile: PakFile PrimaryIndexSize=192
[2022.01.09-05.29.09:914][  0]LogPakFile: PakFile PathHashIndexSize=101
[2022.01.09-05.29.09:914][  0]LogPakFile: PakFile FullDirectoryIndexSize=158
[2022.01.09-05.29.09:914][  0]LogShaderLibrary: Display: ShaderCodeLibraryPakFileMountedCallback: PakFile 'D:/Unreal Engine/Engine Versions/UE_4.27/FeaturePacks/TP_VirtualRealityBP.upack' (chunk index -1, root 'root:/') mounted
[2022.01.09-05.29.09:914][  0]LogShaderLibrary: Display: ShaderCodeLibraryPakFileMountedCallback: pending pak file info (ChunkID:-1 Root:root:/ File:D:/Unreal Engine/Engine Versions/UE_4.27/FeaturePacks/TP_VirtualRealityBP.upack)
[2022.01.09-05.29.09:914][  0]LogPakFile: OnPakFileMounted2Time == 0.000041
[2022.01.09-05.29.11:547][  0]LogNativeClassHierarchy: Verbose: Native class hierarchy updated for 'AddContentDialog' in 0.0003 seconds. Added 0 classes and 0 folders.
[2022.01.09-05.29.11:548][  0]LogNativeClassHierarchy: Verbose: Native class hierarchy updated for 'SceneOutliner' in 0.0002 seconds. Added 2 classes and 0 folders.
[2022.01.09-05.29.11:871][  0]LogSlate: Only BGRA pngs, bmps or icos are supported in by External Image Picker
[2022.01.09-05.29.11:955][  0]LogSlate: Took 0.000372 seconds to synchronously load lazily loaded font '../../../Engine/Content/Slate/Fonts/Roboto-Regular.ttf' (155K)
[2022.01.09-05.29.11:974][  0]LogSlate: Took 0.017844 seconds to synchronously load lazily loaded font '../../../Engine/Content/Editor/Slate/Fonts/FontAwesome.ttf' (139K)
[2022.01.09-05.29.11:975][  0]LogSlate: Took 0.000366 seconds to synchronously load lazily loaded font '../../../Engine/Content/Slate/Fonts/Roboto-Bold.ttf' (160K)
[2022.01.09-05.29.12:066][  0]LogRenderer: Reallocating scene render targets to support 1208x600 Format 10 NumSamples 1 (Frame:1).
[2022.01.09-05.29.12:130][  0]LogNativeClassHierarchy: Verbose: Native class hierarchy updated for 'HierarchicalLODOutliner' in 0.0003 seconds. Added 0 classes and 0 folders.
[2022.01.09-05.29.12:131][  0]LogLoad: (Engine Initialization) Total time: 12.34 seconds
[2022.01.09-05.29.12:131][  0]LogLoad: (Engine Initialization) Total Blueprint compile time: 0.00 seconds
[2022.01.09-05.29.12:224][  0]LogContentStreaming: Texture pool size now 1000 MB
[2022.01.09-05.29.12:276][  2]LogSlate: Took 0.008760 seconds to synchronously load lazily loaded font '../../../Engine/Content/Slate/Fonts/Roboto-Light.ttf' (167K)
[2022.01.09-05.29.13:147][103]LogSlate: Took 0.000294 seconds to synchronously load lazily loaded font '../../../Engine/Content/Slate/Fonts/Roboto-Light.ttf' (167K)
[2022.01.09-05.29.18:014][605]LogAssetRegistry: Asset discovery search completed in 15.1301 seconds
[2022.01.09-05.29.18:024][605]LogCollectionManager: Fixed up redirectors for 0 collections in 0.000001 seconds (updated 0 objects)
[2022.01.09-05.29.24:082][317]LogStaticMesh: Building static mesh SM_ruins_props_73...
[2022.01.09-05.29.24:390][317]LogStaticMesh: Built static mesh [0.31s] /Game/EnvironmentalPacks/Jungle_ruins/ruins/SM_ruins_props_73.SM_ruins_props_73
[2022.01.09-05.29.24:406][317]LogStaticMesh: Building static mesh SM_ruins_props_67...
[2022.01.09-05.29.25:555][317]LogStaticMesh: Built static mesh [1.15s] /Game/EnvironmentalPacks/Jungle_ruins/ruins/SM_ruins_props_67.SM_ruins_props_67
[2022.01.09-05.29.25:595][317]LogStaticMesh: Building static mesh SM_ruins_props_45...
[2022.01.09-05.29.25:987][317]LogStaticMesh: Built static mesh [0.39s] /Game/EnvironmentalPacks/Jungle_ruins/ruins/SM_ruins_props_45.SM_ruins_props_45
[2022.01.09-05.29.25:997][317]LogStaticMesh: Building static mesh SM_ruins_props_33...
[2022.01.09-05.29.26:024][317]LogStaticMesh: Built static mesh [0.03s] /Game/EnvironmentalPacks/Jungle_ruins/ruins/SM_ruins_props_33.SM_ruins_props_33
[2022.01.09-05.29.26:029][317]LogStaticMesh: Building static mesh SM_ruins_props_31...
[2022.01.09-05.29.26:058][317]LogStaticMesh: Built static mesh [0.03s] /Game/EnvironmentalPacks/Jungle_ruins/ruins/SM_ruins_props_31.SM_ruins_props_31
[2022.01.09-05.29.26:092][317]LogAssetEditorSubsystem: Opening Asset editor for Blueprint /Game/EnvironmentalPacks/Prefabs/PrefabCombatArea_1.PrefabCombatArea_1
[2022.01.09-05.29.26:359][317]LogNativeClassHierarchy: Verbose: Native class hierarchy updated for 'BlueprintGraph' in 0.0009 seconds. Added 126 classes and 0 folders.
[2022.01.09-05.29.27:472][317]LogStaticMesh: Building static mesh SM_ruins_props_79...
[2022.01.09-05.29.31:861][317]LogStaticMesh: Built static mesh [4.39s] /Game/EnvironmentalPacks/Jungle_ruins/ruins/SM_ruins_props_79.SM_ruins_props_79
[2022.01.09-05.29.31:947][317]LogStaticMesh: Building static mesh SM_ruins_props_72...
[2022.01.09-05.29.32:216][317]LogStaticMesh: Built static mesh [0.27s] /Game/EnvironmentalPacks/Jungle_ruins/ruins/SM_ruins_props_72.SM_ruins_props_72
[2022.01.09-05.29.32:224][317]LogStaticMesh: Building static mesh SM_ruins_props_8...
[2022.01.09-05.29.32:426][317]LogStaticMesh: Built static mesh [0.20s] /Game/EnvironmentalPacks/Jungle_ruins/ruins/SM_ruins_props_8.SM_ruins_props_8
[2022.01.09-05.29.32:460][317]LogAssetEditorSubsystem: Opening Asset editor for Blueprint /Game/EnvironmentalPacks/Prefabs/PrefabTower.PrefabTower
[2022.01.09-05.29.32:969][317]LogSlate: Took 0.000459 seconds to synchronously load lazily loaded font '../../../Engine/Content/Slate/Fonts/Roboto-BoldCondensed.ttf' (158K)
[2022.01.09-05.29.33:148][318]LogSlate: Took 0.000519 seconds to synchronously load lazily loaded font '../../../Engine/Content/Slate/Fonts/Roboto-Italic.ttf' (157K)
[2022.01.09-05.29.46:810][610]LogSlate: Window 'PrefabTower' being destroyed
[2022.01.09-05.29.46:814][610]LogSlate: Window 'PrefabTower' being destroyed
[2022.01.09-05.29.46:817][610]LogWorld: UWorld::CleanupWorld for World_2, bSessionEnded=true, bCleanupResources=true
[2022.01.09-05.29.46:817][610]LogSlate: InvalidateAllWidgets triggered.  All widgets were invalidated
[2022.01.09-05.29.49:988][972]LogActorComponent: UnregisterComponent: (/Engine/Transient.EditorFloorComp) Not registered. Aborting.
[2022.01.09-05.29.49:988][972]LogWorld: UWorld::CleanupWorld for World_1, bSessionEnded=true, bCleanupResources=true
[2022.01.09-05.29.49:988][972]LogSlate: InvalidateAllWidgets triggered.  All widgets were invalidated
[2022.01.09-05.30.02:028][353]LogAssetEditorSubsystem: Opening Asset editor for WidgetBlueprint /Game/Menus/Menus/Pause_Menu/KeyBindWindow.KeyBindWindow
